<?xml version="1.0" encoding="utf-8"?>
<TestRun id="c9efabaa-a8f2-4870-95fc-4d0d5d60b252" name="HP VICTUS@LAPTOP-BFNKEBCR 2026-03-29 10:52:32" runUser="LAPTOP-BFNKEBCR\HP VICTUS" xmlns="http://microsoft.com/schemas/VisualStudio/TeamTest/2010">
  <Times creation="2026-03-29T10:52:32.0995275-04:00" queuing="2026-03-29T10:52:32.0995279-04:00" start="2026-03-29T10:52:13.4936283-04:00" finish="2026-03-29T10:52:32.1416933-04:00" />
  <TestSettings name="default" id="00784eb5-cef2-48c8-a0bf-2db0fa3bda42">
    <Deployment runDeploymentRoot="HP_VICTUS_LAPTOP-BFNKEBCR_2026-03-29_10_52_32" />
  </TestSettings>
  <Results>
    <UnitTestResult executionId="82e0bff1-6165-4ef4-8c68-214a7a95e32f" testId="c70c5757-ffc8-24b5-f8d1-987d6fde5b8c" testName="QAMS.Tests.IntegrationTests.Endpoints.AuthEndpointsTests.Register_WithValidData_ReturnsCreatedAndSavesToDb" computerName="LAPTOP-BFNKEBCR" duration="00:00:00.0965165" startTime="2026-03-29T10:52:30.8252465-04:00" endTime="2026-03-29T10:52:30.8252825-04:00" testType="13cdc9d9-ddb5-4fa4-a97d-d965ccfc6d4b" outcome="Failed" testListId="8c84fa94-04c1-424b-9868-57a2d4851a1d" relativeResultsDirectory="82e0bff1-6165-4ef4-8c68-214a7a95e32f">
      <Output>
        <ErrorInfo>
          <Message>System.Exception : Test falló con InternalServerError. Error del body: {"error":"Ocurri\u00F3 un error interno. Contacte al administrador.","statusCode":500}</Message>
          <StackTrace>   at QAMS.Tests.IntegrationTests.Endpoints.AuthEndpointsTests.Register_WithValidData_ReturnsCreatedAndSavesToDb() in C:\diplomado\QAMS\src\QAMS.Tests\IntegrationTests\Endpoints\AuthEndpointsTests.cs:line 40&#xD;
--- End of stack trace from previous location ---</StackTrace>
        </ErrorInfo>
      </Output>
    </UnitTestResult>
  </Results>
  <TestDefinitions>
    <UnitTest name="QAMS.Tests.IntegrationTests.Endpoints.AuthEndpointsTests.Register_WithValidData_ReturnsCreatedAndSavesToDb" storage="c:\diplomado\qams\src\qams.tests\bin\debug\net9.0\qams.tests.dll" id="c70c5757-ffc8-24b5-f8d1-987d6fde5b8c">
      <Execution id="82e0bff1-6165-4ef4-8c68-214a7a95e32f" />
      <TestMethod codeBase="C:\diplomado\QAMS\src\QAMS.Tests\bin\Debug\net9.0\QAMS.Tests.dll" adapterTypeName="executor://xunit/VsTestRunner2/netcoreapp" className="QAMS.Tests.IntegrationTests.Endpoints.AuthEndpointsTests" name="Register_WithValidData_ReturnsCreatedAndSavesToDb" />
    </UnitTest>
  </TestDefinitions>
  <TestEntries>
    <TestEntry testId="c70c5757-ffc8-24b5-f8d1-987d6fde5b8c" executionId="82e0bff1-6165-4ef4-8c68-214a7a95e32f" testListId="8c84fa94-04c1-424b-9868-57a2d4851a1d" />
  </TestEntries>
  <TestLists>
    <TestList name="Resultados sin formato de lista" id="8c84fa94-04c1-424b-9868-57a2d4851a1d" />
    <TestList name="Todos los resultados cargados" id="19431567-8539-422a-85d7-44ee4e166bda" />
  </TestLists>
  <ResultSummary outcome="Failed">
    <Counters total="1" executed="1" passed="0" failed="1" error="0" timeout="0" aborted="0" inconclusive="0" passedButRunAborted="0" notRunnable="0" notExecuted="0" disconnected="0" warning="0" completed="0" inProgress="0" pending="0" />
    <Output>
      <StdOut>[xUnit.net 00:00:00.00] xUnit.net VSTest Adapter v2.5.4.1+b9eacec401 (64-bit .NET 9.0.6)&#xD;
[xUnit.net 00:00:00.12]   Discovering: QAMS.Tests&#xD;
[xUnit.net 00:00:00.17]   Discovered:  QAMS.Tests&#xD;
[xUnit.net 00:00:00.17]   Starting:    QAMS.Tests&#xD;
[testcontainers.org 00:00:00.11] Connected to Docker:&#xD;
  Host: npipe://./pipe/docker_engine&#xD;
  Server Version: 29.3.1&#xD;
  Kernel Version: 5.15.167.4-microsoft-standard-WSL2&#xD;
  API Version: 1.54&#xD;
  Operating System: Docker Desktop&#xD;
  Total Memory: 3.72 GB&#xD;
  Labels: &#xD;
    com.docker.desktop.address=npipe://\\.\pipe\docker_cli&#xD;
[testcontainers.org 00:00:00.55] Docker container be2ebd615fe0 created&#xD;
[testcontainers.org 00:00:00.66] Start Docker container be2ebd615fe0&#xD;
[testcontainers.org 00:00:01.16] Wait for Docker container be2ebd615fe0 to complete readiness checks&#xD;
[testcontainers.org 00:00:02.27] Docker container be2ebd615fe0 ready&#xD;
[testcontainers.org 00:00:02.57] Docker container 0ac88ba89784 created&#xD;
[testcontainers.org 00:00:02.65] Start Docker container 0ac88ba89784&#xD;
[testcontainers.org 00:00:03.82] Wait for Docker container 0ac88ba89784 to complete readiness checks&#xD;
[testcontainers.org 00:00:03.89] Execute "pg_isready --host localhost --dbname qams_test_db --username postgres" at Docker container 0ac88ba89784&#xD;
[testcontainers.org 00:00:05.66] Execute "pg_isready --host localhost --dbname qams_test_db --username postgres" at Docker container 0ac88ba89784&#xD;
[testcontainers.org 00:00:07.02] Execute "pg_isready --host localhost --dbname qams_test_db --username postgres" at Docker container 0ac88ba89784&#xD;
[testcontainers.org 00:00:08.18] Execute "pg_isready --host localhost --dbname qams_test_db --username postgres" at Docker container 0ac88ba89784&#xD;
[testcontainers.org 00:00:09.29] Execute "pg_isready --host localhost --dbname qams_test_db --username postgres" at Docker container 0ac88ba89784&#xD;
[testcontainers.org 00:00:09.39] Docker container 0ac88ba89784 ready&#xD;
info: QAMS.Api[0]&#xD;
      Cadena de conexi�n detectada y normalizada: Host=localhost;Port=5432;Database=qams_db;Username=postgres;Password=***&#xD;
info: QAMS.Api[0]&#xD;
      Iniciando aplicaci�n de migraciones...&#xD;
warn: Microsoft.EntityFrameworkCore.Model.Validation[10622]&#xD;
      Entity 'User' has a global query filter defined and is the required end of a relationship with the entity 'ExecutionStepObservation'. This may lead to unexpected results when the required entity is filtered out. Either configure the navigation as optional, or define matching query filters for both entities in the navigation. See https://go.microsoft.com/fwlink/?linkid=2131316 for more information.&#xD;
warn: Microsoft.EntityFrameworkCore.Model.Validation[10622]&#xD;
      Entity 'User' has a global query filter defined and is the required end of a relationship with the entity 'ExecutionStepObservationResponse'. This may lead to unexpected results when the required entity is filtered out. Either configure the navigation as optional, or define matching query filters for both entities in the navigation. See https://go.microsoft.com/fwlink/?linkid=2131316 for more information.&#xD;
warn: Microsoft.EntityFrameworkCore.Model.Validation[10622]&#xD;
      Entity 'User' has a global query filter defined and is the required end of a relationship with the entity 'ProjectDevolution'. This may lead to unexpected results when the required entity is filtered out. Either configure the navigation as optional, or define matching query filters for both entities in the navigation. See https://go.microsoft.com/fwlink/?linkid=2131316 for more information.&#xD;
warn: Microsoft.EntityFrameworkCore.Model.Validation[10622]&#xD;
      Entity 'User' has a global query filter defined and is the required end of a relationship with the entity 'ProjectObservation'. This may lead to unexpected results when the required entity is filtered out. Either configure the navigation as optional, or define matching query filters for both entities in the navigation. See https://go.microsoft.com/fwlink/?linkid=2131316 for more information.&#xD;
warn: Microsoft.EntityFrameworkCore.Model.Validation[10622]&#xD;
      Entity 'User' has a global query filter defined and is the required end of a relationship with the entity 'ProjectObservationResponse'. This may lead to unexpected results when the required entity is filtered out. Either configure the navigation as optional, or define matching query filters for both entities in the navigation. See https://go.microsoft.com/fwlink/?linkid=2131316 for more information.&#xD;
warn: Microsoft.EntityFrameworkCore.Model.Validation[10622]&#xD;
      Entity 'User' has a global query filter defined and is the required end of a relationship with the entity 'ProjectTester'. This may lead to unexpected results when the required entity is filtered out. Either configure the navigation as optional, or define matching query filters for both entities in the navigation. See https://go.microsoft.com/fwlink/?linkid=2131316 for more information.&#xD;
warn: Microsoft.EntityFrameworkCore.Model.Validation[10622]&#xD;
      Entity 'User' has a global query filter defined and is the required end of a relationship with the entity 'TestCaseCertifier'. This may lead to unexpected results when the required entity is filtered out. Either configure the navigation as optional, or define matching query filters for both entities in the navigation. See https://go.microsoft.com/fwlink/?linkid=2131316 for more information.&#xD;
warn: Microsoft.EntityFrameworkCore.Model.Validation[10622]&#xD;
      Entity 'User' has a global query filter defined and is the required end of a relationship with the entity 'TestExecution'. This may lead to unexpected results when the required entity is filtered out. Either configure the navigation as optional, or define matching query filters for both entities in the navigation. See https://go.microsoft.com/fwlink/?linkid=2131316 for more information.&#xD;
warn: Microsoft.EntityFrameworkCore.Model.Validation[10622]&#xD;
      Entity 'User' has a global query filter defined and is the required end of a relationship with the entity 'UserRole'. This may lead to unexpected results when the required entity is filtered out. Either configure the navigation as optional, or define matching query filters for both entities in the navigation. See https://go.microsoft.com/fwlink/?linkid=2131316 for more information.&#xD;
warn: Microsoft.EntityFrameworkCore.Model.Validation[10625]&#xD;
      The foreign key property 'ExecutionStepResult.TestStepId1' was created in shadow state because a conflicting property with the simple name 'TestStepId' exists in the entity type, but is either not mapped, is already used for another relationship, or is incompatible with the associated primary key type. See https://aka.ms/efcore-relationships for information on mapping relationships in EF Core.&#xD;
info: Microsoft.EntityFrameworkCore.Database.Command[20101]&#xD;
      Executed DbCommand (42ms) [Parameters=[], CommandType='Text', CommandTimeout='30']&#xD;
      SELECT EXISTS (&#xD;
    SELECT 1 FROM pg_catalog.pg_class c&#xD;
    JOIN pg_catalog.pg_namespace n ON n.oid=c.relnamespace&#xD;
    WHERE n.nspname='public' AND&#xD;
          c.relname='__EFMigrationsHistory'&#xD;
)&#xD;
info: QAMS.Api[0]&#xD;
      Se encontraron 21 migraciones pendientes. Aplicando...&#xD;
info: Microsoft.EntityFrameworkCore.Database.Command[20101]&#xD;
      Executed DbCommand (9ms) [Parameters=[], CommandType='Text', CommandTimeout='30']&#xD;
      SELECT EXISTS (&#xD;
    SELECT 1 FROM pg_catalog.pg_class c&#xD;
    JOIN pg_catalog.pg_namespace n ON n.oid=c.relnamespace&#xD;
    WHERE n.nspname='public' AND&#xD;
          c.relname='__EFMigrationsHistory'&#xD;
)&#xD;
info: Microsoft.EntityFrameworkCore.Database.Command[20101]&#xD;
      Executed DbCommand (2ms) [Parameters=[], CommandType='Text', CommandTimeout='30']&#xD;
      SELECT EXISTS (&#xD;
    SELECT 1 FROM pg_catalog.pg_class c&#xD;
    JOIN pg_catalog.pg_namespace n ON n.oid=c.relnamespace&#xD;
    WHERE n.nspname='public' AND&#xD;
          c.relname='__EFMigrationsHistory'&#xD;
)&#xD;
info: Microsoft.EntityFrameworkCore.Database.Command[20101]&#xD;
      Executed DbCommand (7ms) [Parameters=[], CommandType='Text', CommandTimeout='30']&#xD;
      CREATE TABLE "__EFMigrationsHistory" (&#xD;
          "MigrationId" character varying(150) NOT NULL,&#xD;
          "ProductVersion" character varying(32) NOT NULL,&#xD;
          CONSTRAINT "PK___EFMigrationsHistory" PRIMARY KEY ("MigrationId")&#xD;
      );&#xD;
info: Microsoft.EntityFrameworkCore.Database.Command[20101]&#xD;
      Executed DbCommand (1ms) [Parameters=[], CommandType='Text', CommandTimeout='30']&#xD;
      SELECT EXISTS (&#xD;
    SELECT 1 FROM pg_catalog.pg_class c&#xD;
    JOIN pg_catalog.pg_namespace n ON n.oid=c.relnamespace&#xD;
    WHERE n.nspname='public' AND&#xD;
          c.relname='__EFMigrationsHistory'&#xD;
)&#xD;
info: Microsoft.EntityFrameworkCore.Database.Command[20101]&#xD;
      Executed DbCommand (4ms) [Parameters=[], CommandType='Text', CommandTimeout='30']&#xD;
      SELECT "MigrationId", "ProductVersion"&#xD;
      FROM "__EFMigrationsHistory"&#xD;
      ORDER BY "MigrationId";&#xD;
info: Microsoft.EntityFrameworkCore.Migrations[20402]&#xD;
      Applying migration '20260214041238_InitialCreate'.&#xD;
info: Microsoft.EntityFrameworkCore.Database.Command[20101]&#xD;
      Executed DbCommand (12ms) [Parameters=[], CommandType='Text', CommandTimeout='30']&#xD;
      CREATE TABLE "EvidenceTypes" (&#xD;
          "Id" integer GENERATED BY DEFAULT AS IDENTITY,&#xD;
          "Code" text NOT NULL,&#xD;
          "Name" text NOT NULL,&#xD;
          "Description" text,&#xD;
          "SortOrder" integer NOT NULL,&#xD;
          "IsActive" boolean NOT NULL,&#xD;
          "CreatedAt" timestamp with time zone NOT NULL,&#xD;
          CONSTRAINT "PK_EvidenceTypes" PRIMARY KEY ("Id")&#xD;
      );&#xD;
info: Microsoft.EntityFrameworkCore.Database.Command[20101]&#xD;
      Executed DbCommand (7ms) [Parameters=[], CommandType='Text', CommandTimeout='30']&#xD;
      CREATE TABLE execution_statuses (&#xD;
          id integer GENERATED BY DEFAULT AS IDENTITY,&#xD;
          code character varying(50) NOT NULL,&#xD;
          name character varying(100) NOT NULL,&#xD;
          description character varying(500),&#xD;
          sort_order integer NOT NULL DEFAULT 0,&#xD;
          is_active boolean NOT NULL DEFAULT TRUE,&#xD;
          created_at timestamp with time zone NOT NULL DEFAULT (NOW()),&#xD;
          CONSTRAINT "PK_execution_statuses" PRIMARY KEY (id)&#xD;
      );&#xD;
info: Microsoft.EntityFrameworkCore.Database.Command[20101]&#xD;
      Executed DbCommand (7ms) [Parameters=[], CommandType='Text', CommandTimeout='30']&#xD;
      CREATE TABLE "Permissions" (&#xD;
          "Id" uuid NOT NULL,&#xD;
          "Code" text NOT NULL,&#xD;
          "Description" text NOT NULL,&#xD;
          "Module" text NOT NULL,&#xD;
          "CreatedAt" timestamp with time zone NOT NULL,&#xD;
          CONSTRAINT "PK_Permissions" PRIMARY KEY ("Id")&#xD;
      );&#xD;
info: Microsoft.EntityFrameworkCore.Database.Command[20101]&#xD;
      Executed DbCommand (5ms) [Parameters=[], CommandType='Text', CommandTimeout='30']&#xD;
      CREATE TABLE "Projects" (&#xD;
          "Id" uuid NOT NULL,&#xD;
          "Name" text NOT NULL,&#xD;
          "Description" text,&#xD;
          "IsActive" boolean NOT NULL,&#xD;
          "CreatedAt" timestamp with time zone NOT NULL,&#xD;
          "UpdatedAt" timestamp with time zone,&#xD;
          CONSTRAINT "PK_Projects" PRIMARY KEY ("Id")&#xD;
      );&#xD;
info: Microsoft.EntityFrameworkCore.Database.Command[20101]&#xD;
      Executed DbCommand (4ms) [Parameters=[], CommandType='Text', CommandTimeout='30']&#xD;
      CREATE TABLE "Roles" (&#xD;
          "Id" uuid NOT NULL,&#xD;
          "Name" text NOT NULL,&#xD;
          "Description" text,&#xD;
          "IsActive" boolean NOT NULL,&#xD;
          "CreatedAt" timestamp with time zone NOT NULL,&#xD;
          CONSTRAINT "PK_Roles" PRIMARY KEY ("Id")&#xD;
      );&#xD;
info: Microsoft.EntityFrameworkCore.Database.Command[20101]&#xD;
      Executed DbCommand (9ms) [Parameters=[], CommandType='Text', CommandTimeout='30']&#xD;
      CREATE TABLE "StepResultStatuses" (&#xD;
          "Id" integer GENERATED BY DEFAULT AS IDENTITY,&#xD;
          "Code" text NOT NULL,&#xD;
          "Name" text NOT NULL,&#xD;
          "Description" text,&#xD;
          "SortOrder" integer NOT NULL,&#xD;
          "IsActive" boolean NOT NULL,&#xD;
          "CreatedAt" timestamp with time zone NOT NULL,&#xD;
          CONSTRAINT "PK_StepResultStatuses" PRIMARY KEY ("Id")&#xD;
      );&#xD;
info: Microsoft.EntityFrameworkCore.Database.Command[20101]&#xD;
      Executed DbCommand (5ms) [Parameters=[], CommandType='Text', CommandTimeout='30']&#xD;
      CREATE TABLE "TaskPriorities" (&#xD;
          "Id" integer GENERATED BY DEFAULT AS IDENTITY,&#xD;
          "Code" text NOT NULL,&#xD;
          "Name" text NOT NULL,&#xD;
          "Description" text,&#xD;
          "SortOrder" integer NOT NULL,&#xD;
          "IsActive" boolean NOT NULL,&#xD;
          "CreatedAt" timestamp with time zone NOT NULL,&#xD;
          CONSTRAINT "PK_TaskPriorities" PRIMARY KEY ("Id")&#xD;
      );&#xD;
info: Microsoft.EntityFrameworkCore.Database.Command[20101]&#xD;
      Executed DbCommand (8ms) [Parameters=[], CommandType='Text', CommandTimeout='30']&#xD;
      CREATE TABLE "TestCasePriorities" (&#xD;
          "Id" integer GENERATED BY DEFAULT AS IDENTITY,&#xD;
          "Code" text NOT NULL,&#xD;
          "Name" text NOT NULL,&#xD;
          "Description" text,&#xD;
          "SortOrder" integer NOT NULL,&#xD;
          "IsActive" boolean NOT NULL,&#xD;
          "CreatedAt" timestamp with time zone NOT NULL,&#xD;
          CONSTRAINT "PK_TestCasePriorities" PRIMARY KEY ("Id")&#xD;
      );&#xD;
info: Microsoft.EntityFrameworkCore.Database.Command[20101]&#xD;
      Executed DbCommand (5ms) [Parameters=[], CommandType='Text', CommandTimeout='30']&#xD;
      CREATE TABLE "Users" (&#xD;
          "Id" uuid NOT NULL,&#xD;
          "Username" text NOT NULL,&#xD;
          "Email" text NOT NULL,&#xD;
          "PasswordHash" text NOT NULL,&#xD;
          "FullName" text NOT NULL,&#xD;
          "IsActive" boolean NOT NULL,&#xD;
          "RefreshToken" text,&#xD;
          "RefreshTokenExpiryTime" timestamp with time zone,&#xD;
          "CreatedAt" timestamp with time zone NOT NULL,&#xD;
          "UpdatedAt" timestamp with time zone,&#xD;
          CONSTRAINT "PK_Users" PRIMARY KEY ("Id")&#xD;
      );&#xD;
info: Microsoft.EntityFrameworkCore.Database.Command[20101]&#xD;
      Executed DbCommand (10ms) [Parameters=[], CommandType='Text', CommandTimeout='30']&#xD;
      CREATE TABLE "KanbanBoards" (&#xD;
          "Id" uuid NOT NULL,&#xD;
          "ProjectId" uuid NOT NULL,&#xD;
          "Name" text NOT NULL,&#xD;
          "CreatedAt" timestamp with time zone NOT NULL,&#xD;
          CONSTRAINT "PK_KanbanBoards" PRIMARY KEY ("Id"),&#xD;
          CONSTRAINT "FK_KanbanBoards_Projects_ProjectId" FOREIGN KEY ("ProjectId") REFERENCES "Projects" ("Id") ON DELETE CASCADE&#xD;
      );&#xD;
info: Microsoft.EntityFrameworkCore.Database.Command[20101]&#xD;
      Executed DbCommand (5ms) [Parameters=[], CommandType='Text', CommandTimeout='30']&#xD;
      CREATE TABLE "TestSuites" (&#xD;
          "Id" uuid NOT NULL,&#xD;
          "ProjectId" uuid NOT NULL,&#xD;
          "Name" text NOT NULL,&#xD;
          "Description" text,&#xD;
          "CreatedAt" timestamp with time zone NOT NULL,&#xD;
          CONSTRAINT "PK_TestSuites" PRIMARY KEY ("Id"),&#xD;
          CONSTRAINT "FK_TestSuites_Projects_ProjectId" FOREIGN KEY ("ProjectId") REFERENCES "Projects" ("Id") ON DELETE CASCADE&#xD;
      );&#xD;
info: Microsoft.EntityFrameworkCore.Database.Command[20101]&#xD;
      Executed DbCommand (13ms) [Parameters=[], CommandType='Text', CommandTimeout='30']&#xD;
      CREATE TABLE role_permissions (&#xD;
          "RoleId" uuid NOT NULL,&#xD;
          "PermissionId" uuid NOT NULL,&#xD;
          "AssignedAt" timestamp with time zone NOT NULL,&#xD;
          CONSTRAINT "PK_role_permissions" PRIMARY KEY ("RoleId", "PermissionId"),&#xD;
          CONSTRAINT "FK_role_permissions_Permissions_PermissionId" FOREIGN KEY ("PermissionId") REFERENCES "Permissions" ("Id") ON DELETE CASCADE,&#xD;
          CONSTRAINT "FK_role_permissions_Roles_RoleId" FOREIGN KEY ("RoleId") REFERENCES "Roles" ("Id") ON DELETE CASCADE&#xD;
      );&#xD;
info: Microsoft.EntityFrameworkCore.Database.Command[20101]&#xD;
      Executed DbCommand (9ms) [Parameters=[], CommandType='Text', CommandTimeout='30']&#xD;
      CREATE TABLE user_roles (&#xD;
          "UserId" uuid NOT NULL,&#xD;
          "RoleId" uuid NOT NULL,&#xD;
          "AssignedAt" timestamp with time zone NOT NULL,&#xD;
          CONSTRAINT "PK_user_roles" PRIMARY KEY ("UserId", "RoleId"),&#xD;
          CONSTRAINT "FK_user_roles_Roles_RoleId" FOREIGN KEY ("RoleId") REFERENCES "Roles" ("Id") ON DELETE CASCADE,&#xD;
          CONSTRAINT "FK_user_roles_Users_UserId" FOREIGN KEY ("UserId") REFERENCES "Users" ("Id") ON DELETE CASCADE&#xD;
      );&#xD;
info: Microsoft.EntityFrameworkCore.Database.Command[20101]&#xD;
      Executed DbCommand (10ms) [Parameters=[], CommandType='Text', CommandTimeout='30']&#xD;
      CREATE TABLE "KanbanColumns" (&#xD;
          "Id" uuid NOT NULL,&#xD;
          "KanbanBoardId" uuid NOT NULL,&#xD;
          "Name" text NOT NULL,&#xD;
          "OrderIndex" integer NOT NULL,&#xD;
          "CreatedAt" timestamp with time zone NOT NULL,&#xD;
          CONSTRAINT "PK_KanbanColumns" PRIMARY KEY ("Id"),&#xD;
          CONSTRAINT "FK_KanbanColumns_KanbanBoards_KanbanBoardId" FOREIGN KEY ("KanbanBoardId") REFERENCES "KanbanBoards" ("Id") ON DELETE CASCADE&#xD;
      );&#xD;
info: Microsoft.EntityFrameworkCore.Database.Command[20101]&#xD;
      Executed DbCommand (10ms) [Parameters=[], CommandType='Text', CommandTimeout='30']&#xD;
      CREATE TABLE "TestCases" (&#xD;
          "Id" uuid NOT NULL,&#xD;
          "TestSuiteId" uuid NOT NULL,&#xD;
          "Title" text NOT NULL,&#xD;
          "Description" text,&#xD;
          "Preconditions" text,&#xD;
          "ExpectedResult" text NOT NULL,&#xD;
          "PriorityId" integer NOT NULL,&#xD;
          "IsActive" boolean NOT NULL,&#xD;
          "CreatedAt" timestamp with time zone NOT NULL,&#xD;
          "UpdatedAt" timestamp with time zone,&#xD;
          CONSTRAINT "PK_TestCases" PRIMARY KEY ("Id"),&#xD;
          CONSTRAINT "FK_TestCases_TestCasePriorities_PriorityId" FOREIGN KEY ("PriorityId") REFERENCES "TestCasePriorities" ("Id") ON DELETE CASCADE,&#xD;
          CONSTRAINT "FK_TestCases_TestSuites_TestSuiteId" FOREIGN KEY ("TestSuiteId") REFERENCES "TestSuites" ("Id") ON DELETE CASCADE&#xD;
      );&#xD;
info: Microsoft.EntityFrameworkCore.Database.Command[20101]&#xD;
      Executed DbCommand (9ms) [Parameters=[], CommandType='Text', CommandTimeout='30']&#xD;
      CREATE TABLE "KanbanTasks" (&#xD;
          "Id" uuid NOT NULL,&#xD;
          "KanbanColumnId" uuid NOT NULL,&#xD;
          "Title" text NOT NULL,&#xD;
          "Description" text,&#xD;
          "AssigneeId" uuid,&#xD;
          "TestCaseId" uuid,&#xD;
          "PriorityId" integer NOT NULL,&#xD;
          "DueDate" timestamp with time zone,&#xD;
          "OrderIndex" integer NOT NULL,&#xD;
          "CreatedAt" timestamp with time zone NOT NULL,&#xD;
          "UpdatedAt" timestamp with time zone,&#xD;
          CONSTRAINT "PK_KanbanTasks" PRIMARY KEY ("Id"),&#xD;
          CONSTRAINT "FK_KanbanTasks_KanbanColumns_KanbanColumnId" FOREIGN KEY ("KanbanColumnId") REFERENCES "KanbanColumns" ("Id") ON DELETE CASCADE,&#xD;
          CONSTRAINT "FK_KanbanTasks_TaskPriorities_PriorityId" FOREIGN KEY ("PriorityId") REFERENCES "TaskPriorities" ("Id") ON DELETE CASCADE,&#xD;
          CONSTRAINT "FK_KanbanTasks_TestCases_TestCaseId" FOREIGN KEY ("TestCaseId") REFERENCES "TestCases" ("Id"),&#xD;
          CONSTRAINT "FK_KanbanTasks_Users_AssigneeId" FOREIGN KEY ("AssigneeId") REFERENCES "Users" ("Id")&#xD;
      );&#xD;
info: Microsoft.EntityFrameworkCore.Database.Command[20101]&#xD;
      Executed DbCommand (8ms) [Parameters=[], CommandType='Text', CommandTimeout='30']&#xD;
      CREATE TABLE test_executions (&#xD;
          id uuid NOT NULL,&#xD;
          test_case_id uuid NOT NULL,&#xD;
          tester_id uuid NOT NULL,&#xD;
          status_id integer NOT NULL,&#xD;
          notes character varying(2000),&#xD;
          execution_date timestamp with time zone NOT NULL DEFAULT (NOW()),&#xD;
          completed_at timestamp with time zone,&#xD;
          CONSTRAINT "PK_test_executions" PRIMARY KEY (id),&#xD;
          CONSTRAINT "FK_test_executions_TestCases_test_case_id" FOREIGN KEY (test_case_id) REFERENCES "TestCases" ("Id") ON DELETE CASCADE,&#xD;
          CONSTRAINT "FK_test_executions_Users_tester_id" FOREIGN KEY (tester_id) REFERENCES "Users" ("Id") ON DELETE RESTRICT,&#xD;
          CONSTRAINT "FK_test_executions_execution_statuses_status_id" FOREIGN KEY (status_id) REFERENCES execution_statuses (id) ON DELETE RESTRICT&#xD;
      );&#xD;
info: Microsoft.EntityFrameworkCore.Database.Command[20101]&#xD;
      Executed DbCommand (5ms) [Parameters=[], CommandType='Text', CommandTimeout='30']&#xD;
      CREATE TABLE "TestSteps" (&#xD;
          "Id" uuid NOT NULL,&#xD;
          "TestCaseId" uuid NOT NULL,&#xD;
          "StepOrder" integer NOT NULL,&#xD;
          "Action" text NOT NULL,&#xD;
          "ExpectedResult" text NOT NULL,&#xD;
          CONSTRAINT "PK_TestSteps" PRIMARY KEY ("Id"),&#xD;
          CONSTRAINT "FK_TestSteps_TestCases_TestCaseId" FOREIGN KEY ("TestCaseId") REFERENCES "TestCases" ("Id") ON DELETE CASCADE&#xD;
      );&#xD;
info: Microsoft.EntityFrameworkCore.Database.Command[20101]&#xD;
      Executed DbCommand (4ms) [Parameters=[], CommandType='Text', CommandTimeout='30']&#xD;
      CREATE TABLE "Evidences" (&#xD;
          "Id" uuid NOT NULL,&#xD;
          "TestExecutionId" uuid NOT NULL,&#xD;
          "FileTypeId" integer NOT NULL,&#xD;
          "FileName" text NOT NULL,&#xD;
          "FilePath" text NOT NULL,&#xD;
          "FileSize" bigint NOT NULL,&#xD;
          "ContentType" text NOT NULL,&#xD;
          "Description" text,&#xD;
          "UploadedAt" timestamp with time zone NOT NULL,&#xD;
          CONSTRAINT "PK_Evidences" PRIMARY KEY ("Id"),&#xD;
          CONSTRAINT "FK_Evidences_EvidenceTypes_FileTypeId" FOREIGN KEY ("FileTypeId") REFERENCES "EvidenceTypes" ("Id") ON DELETE CASCADE,&#xD;
          CONSTRAINT "FK_Evidences_test_executions_TestExecutionId" FOREIGN KEY ("TestExecutionId") REFERENCES test_executions (id) ON DELETE CASCADE&#xD;
      );&#xD;
info: Microsoft.EntityFrameworkCore.Database.Command[20101]&#xD;
      Executed DbCommand (6ms) [Parameters=[], CommandType='Text', CommandTimeout='30']&#xD;
      CREATE TABLE "ExecutionStepResults" (&#xD;
          "Id" uuid NOT NULL,&#xD;
          "TestExecutionId" uuid NOT NULL,&#xD;
          "TestStepId" uuid NOT NULL,&#xD;
          "StatusId" integer NOT NULL,&#xD;
          "ActualResult" text,&#xD;
          "Notes" text,&#xD;
          "EvaluatedAt" timestamp with time zone NOT NULL,&#xD;
          CONSTRAINT "PK_ExecutionStepResults" PRIMARY KEY ("Id"),&#xD;
          CONSTRAINT "FK_ExecutionStepResults_StepResultStatuses_StatusId" FOREIGN KEY ("StatusId") REFERENCES "StepResultStatuses" ("Id") ON DELETE CASCADE,&#xD;
          CONSTRAINT "FK_ExecutionStepResults_TestSteps_TestStepId" FOREIGN KEY ("TestStepId") REFERENCES "TestSteps" ("Id") ON DELETE CASCADE,&#xD;
          CONSTRAINT "FK_ExecutionStepResults_test_executions_TestExecutionId" FOREIGN KEY ("TestExecutionId") REFERENCES test_executions (id) ON DELETE CASCADE&#xD;
      );&#xD;
info: Microsoft.EntityFrameworkCore.Database.Command[20101]&#xD;
      Executed DbCommand (8ms) [Parameters=[], CommandType='Text', CommandTimeout='30']&#xD;
      INSERT INTO "Permissions" ("Id", "Code", "CreatedAt", "Description", "Module")&#xD;
      VALUES ('41544143-4f4c-5347-5f4d-414e41474500', 'CATALOGS_MANAGE', TIMESTAMPTZ '2025-01-01T00:00:00Z', 'Administrar cat�logos', 'Catalogs');&#xD;
      INSERT INTO "Permissions" ("Id", "Code", "CreatedAt", "Description", "Module")&#xD;
      VALUES ('41544143-4f4c-5347-5f56-494557000000', 'CATALOGS_VIEW', TIMESTAMPTZ '2025-01-01T00:00:00Z', 'Ver cat�logos', 'Catalogs');&#xD;
      INSERT INTO "Permissions" ("Id", "Code", "CreatedAt", "Description", "Module")&#xD;
      VALUES ('424e414b-4e41-435f-5245-415445000000', 'KANBAN_CREATE', TIMESTAMPTZ '2025-01-01T00:00:00Z', 'Crear tableros/tareas', 'Kanban');&#xD;
      INSERT INTO "Permissions" ("Id", "Code", "CreatedAt", "Description", "Module")&#xD;
      VALUES ('424e414b-4e41-445f-454c-455445000000', 'KANBAN_DELETE', TIMESTAMPTZ '2025-01-01T00:00:00Z', 'Eliminar tareas', 'Kanban');&#xD;
      INSERT INTO "Permissions" ("Id", "Code", "CreatedAt", "Description", "Module")&#xD;
      VALUES ('424e414b-4e41-555f-5044-415445000000', 'KANBAN_UPDATE', TIMESTAMPTZ '2025-01-01T00:00:00Z', 'Mover tareas', 'Kanban');&#xD;
      INSERT INTO "Permissions" ("Id", "Code", "CreatedAt", "Description", "Module")&#xD;
      VALUES ('424e414b-4e41-565f-4945-570000000000', 'KANBAN_VIEW', TIMESTAMPTZ '2025-01-01T00:00:00Z', 'Ver tableros Kanban', 'Kanban');&#xD;
      INSERT INTO "Permissions" ("Id", "Code", "CreatedAt", "Description", "Module")&#xD;
      VALUES ('43455845-5455-4f49-4e53-5f4352454154', 'EXECUTIONS_CREATE', TIMESTAMPTZ '2025-01-01T00:00:00Z', 'Crear ejecuciones', 'Executions');&#xD;
      INSERT INTO "Permissions" ("Id", "Code", "CreatedAt", "Description", "Module")&#xD;
      VALUES ('43455845-5455-4f49-4e53-5f5550444154', 'EXECUTIONS_UPDATE', TIMESTAMPTZ '2025-01-01T00:00:00Z', 'Actualizar ejecuciones', 'Executions');&#xD;
      INSERT INTO "Permissions" ("Id", "Code", "CreatedAt", "Description", "Module")&#xD;
      VALUES ('43455845-5455-4f49-4e53-5f55504c4f41', 'EXECUTIONS_UPLOAD_EVIDENCE', TIMESTAMPTZ '2025-01-01T00:00:00Z', 'Subir evidencia', 'Executions');&#xD;
      INSERT INTO "Permissions" ("Id", "Code", "CreatedAt", "Description", "Module")&#xD;
      VALUES ('43455845-5455-4f49-4e53-5f5649455700', 'EXECUTIONS_VIEW', TIMESTAMPTZ '2025-01-01T00:00:00Z', 'Ver ejecuciones', 'Executions');&#xD;
      INSERT INTO "Permissions" ("Id", "Code", "CreatedAt", "Description", "Module")&#xD;
      VALUES ('454c4f52-5f53-4544-4c45-544500000000', 'ROLES_DELETE', TIMESTAMPTZ '2025-01-01T00:00:00Z', 'Eliminar roles', 'Roles');&#xD;
      INSERT INTO "Permissions" ("Id", "Code", "CreatedAt", "Description", "Module")&#xD;
      VALUES ('454c4f52-5f53-4956-4557-000000000000', 'ROLES_VIEW', TIMESTAMPTZ '2025-01-01T00:00:00Z', 'Ver roles', 'Roles');&#xD;
      INSERT INTO "Permissions" ("Id", "Code", "CreatedAt", "Description", "Module")&#xD;
      VALUES ('454c4f52-5f53-5055-4441-544500000000', 'ROLES_UPDATE', TIMESTAMPTZ '2025-01-01T00:00:00Z', 'Actualizar roles', 'Roles');&#xD;
      INSERT INTO "Permissions" ("Id", "Code", "CreatedAt", "Description", "Module")&#xD;
      VALUES ('454c4f52-5f53-5243-4541-544500000000', 'ROLES_CREATE', TIMESTAMPTZ '2025-01-01T00:00:00Z', 'Crear roles', 'Roles');&#xD;
      INSERT INTO "Permissions" ("Id", "Code", "CreatedAt", "Description", "Module")&#xD;
      VALUES ('454c4f52-5f53-5341-5349-474e5f504552', 'ROLES_ASSIGN_PERMISSIONS', TIMESTAMPTZ '2025-01-01T00:00:00Z', 'Asignar permisos a roles', 'Roles');&#xD;
      INSERT INTO "Permissions" ("Id", "Code", "CreatedAt", "Description", "Module")&#xD;
      VALUES ('48534144-4f42-5241-445f-564945570000', 'DASHBOARD_VIEW', TIMESTAMPTZ '2025-01-01T00:00:00Z', 'Ver dashboard', 'Dashboard');&#xD;
      INSERT INTO "Permissions" ("Id", "Code", "CreatedAt", "Description", "Module")&#xD;
      VALUES ('4a4f5250-4345-5354-5f43-524541544500', 'PROJECTS_CREATE', TIMESTAMPTZ '2025-01-01T00:00:00Z', 'Crear proyectos', 'Projects');&#xD;
      INSERT INTO "Permissions" ("Id", "Code", "CreatedAt", "Description", "Module")&#xD;
      VALUES ('4a4f5250-4345-5354-5f44-454c45544500', 'PROJECTS_DELETE', TIMESTAMPTZ '2025-01-01T00:00:00Z', 'Eliminar proyectos', 'Projects');&#xD;
      INSERT INTO "Permissions" ("Id", "Code", "CreatedAt", "Description", "Module")&#xD;
      VALUES ('4a4f5250-4345-5354-5f55-504441544500', 'PROJECTS_UPDATE', TIMESTAMPTZ '2025-01-01T00:00:00Z', 'Actualizar proyectos', 'Projects');&#xD;
      INSERT INTO "Permissions" ("Id", "Code", "CreatedAt", "Description", "Module")&#xD;
      VALUES ('4a4f5250-4345-5354-5f56-494557000000', 'PROJECTS_VIEW', TIMESTAMPTZ '2025-01-01T00:00:00Z', 'Ver proyectos', 'Projects');&#xD;
      INSERT INTO "Permissions" ("Id", "Code", "CreatedAt", "Description", "Module")&#xD;
      VALUES ('52455355-5f53-4544-4c45-544500000000', 'USERS_DELETE', TIMESTAMPTZ '2025-01-01T00:00:00Z', 'Eliminar usuarios', 'Users');&#xD;
      INSERT INTO "Permissions" ("Id", "Code", "CreatedAt", "Description", "Module")&#xD;
      VALUES ('52455355-5f53-4956-4557-000000000000', 'USERS_VIEW', TIMESTAMPTZ '2025-01-01T00:00:00Z', 'Ver usuarios', 'Users');&#xD;
      INSERT INTO "Permissions" ("Id", "Code", "CreatedAt", "Description", "Module")&#xD;
      VALUES ('52455355-5f53-5055-4441-544500000000', 'USERS_UPDATE', TIMESTAMPTZ '2025-01-01T00:00:00Z', 'Actualizar usuarios', 'Users');&#xD;
      INSERT INTO "Permissions" ("Id", "Code", "CreatedAt", "Description", "Module")&#xD;
      VALUES ('52455355-5f53-5243-4541-544500000000', 'USERS_CREATE', TIMESTAMPTZ '2025-01-01T00:00:00Z', 'Crear usuarios', 'Users');&#xD;
      INSERT INTO "Permissions" ("Id", "Code", "CreatedAt", "Description", "Module")&#xD;
      VALUES ('54534554-435f-5341-4553-5f4352454154', 'TEST_CASES_CREATE', TIMESTAMPTZ '2025-01-01T00:00:00Z', 'Crear casos de prueba', 'TestCases');&#xD;
      INSERT INTO "Permissions" ("Id", "Code", "CreatedAt", "Description", "Module")&#xD;
      VALUES ('54534554-435f-5341-4553-5f44454c4554', 'TEST_CASES_DELETE', TIMESTAMPTZ '2025-01-01T00:00:00Z', 'Eliminar casos de prueba', 'TestCases');&#xD;
      INSERT INTO "Permissions" ("Id", "Code", "CreatedAt", "Description", "Module")&#xD;
      VALUES ('54534554-435f-5341-4553-5f5550444154', 'TEST_CASES_UPDATE', TIMESTAMPTZ '2025-01-01T00:00:00Z', 'Actualizar casos de prueba', 'TestCases');&#xD;
      INSERT INTO "Permissions" ("Id", "Code", "CreatedAt", "Description", "Module")&#xD;
      VALUES ('54534554-435f-5341-4553-5f5649455700', 'TEST_CASES_VIEW', TIMESTAMPTZ '2025-01-01T00:00:00Z', 'Ver casos de prueba', 'TestCases');&#xD;
info: Microsoft.EntityFrameworkCore.Database.Command[20101]&#xD;
      Executed DbCommand (7ms) [Parameters=[], CommandType='Text', CommandTimeout='30']&#xD;
      INSERT INTO execution_statuses (id, code, created_at, description, is_active, name, sort_order)&#xD;
      VALUES (1, 'PENDING', TIMESTAMPTZ '2026-02-14T04:12:37.143236Z', 'Ejecuci�n creada pero no iniciada.', TRUE, 'Pendiente', 1);&#xD;
      INSERT INTO execution_statuses (id, code, created_at, description, is_active, name, sort_order)&#xD;
      VALUES (2, 'IN_PROGRESS', TIMESTAMPTZ '2026-02-14T04:12:37.143238Z', 'Ejecuci�n en curso.', TRUE, 'En Progreso', 2);&#xD;
      INSERT INTO execution_statuses (id, code, created_at, description, is_active, name, sort_order)&#xD;
      VALUES (3, 'PASSED', TIMESTAMPTZ '2026-02-14T04:12:37.143238Z', 'Todos los pasos exitosos.', TRUE, 'Aprobado', 3);&#xD;
      INSERT INTO execution_statuses (id, code, created_at, description, is_active, name, sort_order)&#xD;
      VALUES (4, 'FAILED', TIMESTAMPTZ '2026-02-14T04:12:37.143238Z', 'Al menos un paso fall�.', TRUE, 'Fallido', 4);&#xD;
      INSERT INTO execution_statuses (id, code, created_at, description, is_active, name, sort_order)&#xD;
      VALUES (5, 'BLOCKED', TIMESTAMPTZ '2026-02-14T04:12:37.143239Z', 'Impedimento externo.', TRUE, 'Bloqueado', 5);&#xD;
      INSERT INTO execution_statuses (id, code, created_at, description, is_active, name, sort_order)&#xD;
      VALUES (6, 'SKIPPED', TIMESTAMPTZ '2026-02-14T04:12:37.143239Z', 'Omitido intencionalmente.', TRUE, 'Omitido', 6);&#xD;
info: Microsoft.EntityFrameworkCore.Database.Command[20101]&#xD;
      Executed DbCommand (5ms) [Parameters=[], CommandType='Text', CommandTimeout='30']&#xD;
      CREATE INDEX "IX_Evidences_FileTypeId" ON "Evidences" ("FileTypeId");&#xD;
info: Microsoft.EntityFrameworkCore.Database.Command[20101]&#xD;
      Executed DbCommand (3ms) [Parameters=[], CommandType='Text', CommandTimeout='30']&#xD;
      CREATE INDEX "IX_Evidences_TestExecutionId" ON "Evidences" ("TestExecutionId");&#xD;
info: Microsoft.EntityFrameworkCore.Database.Command[20101]&#xD;
      Executed DbCommand (3ms) [Parameters=[], CommandType='Text', CommandTimeout='30']&#xD;
      CREATE UNIQUE INDEX "IX_execution_statuses_code" ON execution_statuses (code);&#xD;
info: Microsoft.EntityFrameworkCore.Database.Command[20101]&#xD;
      Executed DbCommand (4ms) [Parameters=[], CommandType='Text', CommandTimeout='30']&#xD;
      CREATE INDEX "IX_ExecutionStepResults_StatusId" ON "ExecutionStepResults" ("StatusId");&#xD;
info: Microsoft.EntityFrameworkCore.Database.Command[20101]&#xD;
      Executed DbCommand (3ms) [Parameters=[], CommandType='Text', CommandTimeout='30']&#xD;
      CREATE INDEX "IX_ExecutionStepResults_TestExecutionId" ON "ExecutionStepResults" ("TestExecutionId");&#xD;
info: Microsoft.EntityFrameworkCore.Database.Command[20101]&#xD;
      Executed DbCommand (4ms) [Parameters=[], CommandType='Text', CommandTimeout='30']&#xD;
      CREATE INDEX "IX_ExecutionStepResults_TestStepId" ON "ExecutionStepResults" ("TestStepId");&#xD;
info: Microsoft.EntityFrameworkCore.Database.Command[20101]&#xD;
      Executed DbCommand (5ms) [Parameters=[], CommandType='Text', CommandTimeout='30']&#xD;
      CREATE INDEX "IX_KanbanBoards_ProjectId" ON "KanbanBoards" ("ProjectId");&#xD;
info: Microsoft.EntityFrameworkCore.Database.Command[20101]&#xD;
      Executed DbCommand (5ms) [Parameters=[], CommandType='Text', CommandTimeout='30']&#xD;
      CREATE INDEX "IX_KanbanColumns_KanbanBoardId" ON "KanbanColumns" ("KanbanBoardId");&#xD;
info: Microsoft.EntityFrameworkCore.Database.Command[20101]&#xD;
      Executed DbCommand (4ms) [Parameters=[], CommandType='Text', CommandTimeout='30']&#xD;
      CREATE INDEX "IX_KanbanTasks_AssigneeId" ON "KanbanTasks" ("AssigneeId");&#xD;
info: Microsoft.EntityFrameworkCore.Database.Command[20101]&#xD;
      Executed DbCommand (3ms) [Parameters=[], CommandType='Text', CommandTimeout='30']&#xD;
      CREATE INDEX "IX_KanbanTasks_KanbanColumnId" ON "KanbanTasks" ("KanbanColumnId");&#xD;
info: Microsoft.EntityFrameworkCore.Database.Command[20101]&#xD;
      Executed DbCommand (3ms) [Parameters=[], CommandType='Text', CommandTimeout='30']&#xD;
      CREATE INDEX "IX_KanbanTasks_PriorityId" ON "KanbanTasks" ("PriorityId");&#xD;
info: Microsoft.EntityFrameworkCore.Database.Command[20101]&#xD;
      Executed DbCommand (1ms) [Parameters=[], CommandType='Text', CommandTimeout='30']&#xD;
      CREATE INDEX "IX_KanbanTasks_TestCaseId" ON "KanbanTasks" ("TestCaseId");&#xD;
info: Microsoft.EntityFrameworkCore.Database.Command[20101]&#xD;
      Executed DbCommand (2ms) [Parameters=[], CommandType='Text', CommandTimeout='30']&#xD;
      CREATE INDEX "IX_role_permissions_PermissionId" ON role_permissions ("PermissionId");&#xD;
info: Microsoft.EntityFrameworkCore.Database.Command[20101]&#xD;
      Executed DbCommand (4ms) [Parameters=[], CommandType='Text', CommandTimeout='30']&#xD;
      CREATE INDEX "IX_test_executions_status_id" ON test_executions (status_id);&#xD;
info: Microsoft.EntityFrameworkCore.Database.Command[20101]&#xD;
      Executed DbCommand (3ms) [Parameters=[], CommandType='Text', CommandTimeout='30']&#xD;
      CREATE INDEX "IX_test_executions_test_case_id" ON test_executions (test_case_id);&#xD;
info: Microsoft.EntityFrameworkCore.Database.Command[20101]&#xD;
      Executed DbCommand (3ms) [Parameters=[], CommandType='Text', CommandTimeout='30']&#xD;
      CREATE INDEX "IX_test_executions_tester_id" ON test_executions (tester_id);&#xD;
info: Microsoft.EntityFrameworkCore.Database.Command[20101]&#xD;
      Executed DbCommand (2ms) [Parameters=[], CommandType='Text', CommandTimeout='30']&#xD;
      CREATE INDEX "IX_TestCases_PriorityId" ON "TestCases" ("PriorityId");&#xD;
info: Microsoft.EntityFrameworkCore.Database.Command[20101]&#xD;
      Executed DbCommand (3ms) [Parameters=[], CommandType='Text', CommandTimeout='30']&#xD;
      CREATE INDEX "IX_TestCases_TestSuiteId" ON "TestCases" ("TestSuiteId");&#xD;
info: Microsoft.EntityFrameworkCore.Database.Command[20101]&#xD;
      Executed DbCommand (4ms) [Parameters=[], CommandType='Text', CommandTimeout='30']&#xD;
      CREATE INDEX "IX_TestSteps_TestCaseId" ON "TestSteps" ("TestCaseId");&#xD;
info: Microsoft.EntityFrameworkCore.Database.Command[20101]&#xD;
      Executed DbCommand (3ms) [Parameters=[], CommandType='Text', CommandTimeout='30']&#xD;
      CREATE INDEX "IX_TestSuites_ProjectId" ON "TestSuites" ("ProjectId");&#xD;
info: Microsoft.EntityFrameworkCore.Database.Command[20101]&#xD;
      Executed DbCommand (2ms) [Parameters=[], CommandType='Text', CommandTimeout='30']&#xD;
      CREATE INDEX "IX_user_roles_RoleId" ON user_roles ("RoleId");&#xD;
info: Microsoft.EntityFrameworkCore.Database.Command[20101]&#xD;
      Executed DbCommand (3ms) [Parameters=[], CommandType='Text', CommandTimeout='30']&#xD;
      SELECT setval(&#xD;
    pg_get_serial_sequence('execution_statuses', 'id'),&#xD;
    GREATEST(&#xD;
        (SELECT MAX(id) FROM execution_statuses) + 1,&#xD;
        nextval(pg_get_serial_sequence('execution_statuses', 'id'))),&#xD;
    false);&#xD;
info: Microsoft.EntityFrameworkCore.Database.Command[20101]&#xD;
      Executed DbCommand (2ms) [Parameters=[], CommandType='Text', CommandTimeout='30']&#xD;
      INSERT INTO "__EFMigrationsHistory" ("MigrationId", "ProductVersion")&#xD;
      VALUES ('20260214041238_InitialCreate', '8.0.11');&#xD;
info: Microsoft.EntityFrameworkCore.Migrations[20402]&#xD;
      Applying migration '20260215192006_AddSystemSeeding'.&#xD;
info: Microsoft.EntityFrameworkCore.Database.Command[20101]&#xD;
      Executed DbCommand (3ms) [Parameters=[], CommandType='Text', CommandTimeout='30']&#xD;
      ALTER TABLE "Evidences" DROP CONSTRAINT "FK_Evidences_EvidenceTypes_FileTypeId";&#xD;
info: Microsoft.EntityFrameworkCore.Database.Command[20101]&#xD;
      Executed DbCommand (3ms) [Parameters=[], CommandType='Text', CommandTimeout='30']&#xD;
      ALTER TABLE "ExecutionStepResults" DROP CONSTRAINT "FK_ExecutionStepResults_StepResultStatuses_StatusId";&#xD;
info: Microsoft.EntityFrameworkCore.Database.Command[20101]&#xD;
      Executed DbCommand (4ms) [Parameters=[], CommandType='Text', CommandTimeout='30']&#xD;
      ALTER TABLE "KanbanTasks" DROP CONSTRAINT "FK_KanbanTasks_TaskPriorities_PriorityId";&#xD;
info: Microsoft.EntityFrameworkCore.Database.Command[20101]&#xD;
      Executed DbCommand (4ms) [Parameters=[], CommandType='Text', CommandTimeout='30']&#xD;
      ALTER TABLE "KanbanTasks" DROP CONSTRAINT "FK_KanbanTasks_Users_AssigneeId";&#xD;
info: Microsoft.EntityFrameworkCore.Database.Command[20101]&#xD;
      Executed DbCommand (3ms) [Parameters=[], CommandType='Text', CommandTimeout='30']&#xD;
      ALTER TABLE role_permissions DROP CONSTRAINT "FK_role_permissions_Roles_RoleId";&#xD;
info: Microsoft.EntityFrameworkCore.Database.Command[20101]&#xD;
      Executed DbCommand (4ms) [Parameters=[], CommandType='Text', CommandTimeout='30']&#xD;
      ALTER TABLE test_executions DROP CONSTRAINT "FK_test_executions_Users_tester_id";&#xD;
info: Microsoft.EntityFrameworkCore.Database.Command[20101]&#xD;
      Executed DbCommand (4ms) [Parameters=[], CommandType='Text', CommandTimeout='30']&#xD;
      ALTER TABLE "TestCases" DROP CONSTRAINT "FK_TestCases_TestCasePriorities_PriorityId";&#xD;
info: Microsoft.EntityFrameworkCore.Database.Command[20101]&#xD;
      Executed DbCommand (5ms) [Parameters=[], CommandType='Text', CommandTimeout='30']&#xD;
      ALTER TABLE user_roles DROP CONSTRAINT "FK_user_roles_Roles_RoleId";&#xD;
info: Microsoft.EntityFrameworkCore.Database.Command[20101]&#xD;
      Executed DbCommand (3ms) [Parameters=[], CommandType='Text', CommandTimeout='30']&#xD;
      ALTER TABLE user_roles DROP CONSTRAINT "FK_user_roles_Users_UserId";&#xD;
info: Microsoft.EntityFrameworkCore.Database.Command[20101]&#xD;
      Executed DbCommand (4ms) [Parameters=[], CommandType='Text', CommandTimeout='30']&#xD;
      ALTER TABLE "Users" DROP CONSTRAINT "PK_Users";&#xD;
info: Microsoft.EntityFrameworkCore.Database.Command[20101]&#xD;
      Executed DbCommand (2ms) [Parameters=[], CommandType='Text', CommandTimeout='30']&#xD;
      ALTER TABLE "Roles" DROP CONSTRAINT "PK_Roles";&#xD;
info: Microsoft.EntityFrameworkCore.Database.Command[20101]&#xD;
      Executed DbCommand (3ms) [Parameters=[], CommandType='Text', CommandTimeout='30']&#xD;
      ALTER TABLE "TestCasePriorities" DROP CONSTRAINT "PK_TestCasePriorities";&#xD;
info: Microsoft.EntityFrameworkCore.Database.Command[20101]&#xD;
      Executed DbCommand (3ms) [Parameters=[], CommandType='Text', CommandTimeout='30']&#xD;
      ALTER TABLE "TaskPriorities" DROP CONSTRAINT "PK_TaskPriorities";&#xD;
info: Microsoft.EntityFrameworkCore.Database.Command[20101]&#xD;
      Executed DbCommand (2ms) [Parameters=[], CommandType='Text', CommandTimeout='30']&#xD;
      ALTER TABLE "StepResultStatuses" DROP CONSTRAINT "PK_StepResultStatuses";&#xD;
info: Microsoft.EntityFrameworkCore.Database.Command[20101]&#xD;
      Executed DbCommand (3ms) [Parameters=[], CommandType='Text', CommandTimeout='30']&#xD;
      ALTER TABLE "EvidenceTypes" DROP CONSTRAINT "PK_EvidenceTypes";&#xD;
info: Microsoft.EntityFrameworkCore.Database.Command[20101]&#xD;
      Executed DbCommand (3ms) [Parameters=[], CommandType='Text', CommandTimeout='30']&#xD;
      ALTER TABLE "Users" RENAME TO users;&#xD;
info: Microsoft.EntityFrameworkCore.Database.Command[20101]&#xD;
      Executed DbCommand (2ms) [Parameters=[], CommandType='Text', CommandTimeout='30']&#xD;
      ALTER TABLE "Roles" RENAME TO roles;&#xD;
info: Microsoft.EntityFrameworkCore.Database.Command[20101]&#xD;
      Executed DbCommand (2ms) [Parameters=[], CommandType='Text', CommandTimeout='30']&#xD;
      ALTER TABLE "TestCasePriorities" RENAME TO test_case_priorities;&#xD;
info: Microsoft.EntityFrameworkCore.Database.Command[20101]&#xD;
      Executed DbCommand (3ms) [Parameters=[], CommandType='Text', CommandTimeout='30']&#xD;
      ALTER TABLE "TaskPriorities" RENAME TO task_priorities;&#xD;
info: Microsoft.EntityFrameworkCore.Database.Command[20101]&#xD;
      Executed DbCommand (2ms) [Parameters=[], CommandType='Text', CommandTimeout='30']&#xD;
      ALTER TABLE "StepResultStatuses" RENAME TO step_result_statuses;&#xD;
info: Microsoft.EntityFrameworkCore.Database.Command[20101]&#xD;
      Executed DbCommand (2ms) [Parameters=[], CommandType='Text', CommandTimeout='30']&#xD;
      ALTER TABLE "EvidenceTypes" RENAME TO evidence_types;&#xD;
info: Microsoft.EntityFrameworkCore.Database.Command[20101]&#xD;
      Executed DbCommand (4ms) [Parameters=[], CommandType='Text', CommandTimeout='30']&#xD;
      ALTER TABLE users RENAME COLUMN "Username" TO username;&#xD;
info: Microsoft.EntityFrameworkCore.Database.Command[20101]&#xD;
      Executed DbCommand (2ms) [Parameters=[], CommandType='Text', CommandTimeout='30']&#xD;
      ALTER TABLE users RENAME COLUMN "Email" TO email;&#xD;
info: Microsoft.EntityFrameworkCore.Database.Command[20101]&#xD;
      Executed DbCommand (2ms) [Parameters=[], CommandType='Text', CommandTimeout='30']&#xD;
      ALTER TABLE users RENAME COLUMN "Id" TO id;&#xD;
info: Microsoft.EntityFrameworkCore.Database.Command[20101]&#xD;
      Executed DbCommand (3ms) [Parameters=[], CommandType='Text', CommandTimeout='30']&#xD;
      ALTER TABLE users RENAME COLUMN "UpdatedAt" TO updated_at;&#xD;
info: Microsoft.EntityFrameworkCore.Database.Command[20101]&#xD;
      Executed DbCommand (3ms) [Parameters=[], CommandType='Text', CommandTimeout='30']&#xD;
      ALTER TABLE users RENAME COLUMN "RefreshTokenExpiryTime" TO refresh_token_expiry_time;&#xD;
info: Microsoft.EntityFrameworkCore.Database.Command[20101]&#xD;
      Executed DbCommand (1ms) [Parameters=[], CommandType='Text', CommandTimeout='30']&#xD;
      ALTER TABLE users RENAME COLUMN "RefreshToken" TO refresh_token;&#xD;
info: Microsoft.EntityFrameworkCore.Database.Command[20101]&#xD;
      Executed DbCommand (1ms) [Parameters=[], CommandType='Text', CommandTimeout='30']&#xD;
      ALTER TABLE users RENAME COLUMN "PasswordHash" TO password_hash;&#xD;
info: Microsoft.EntityFrameworkCore.Database.Command[20101]&#xD;
      Executed DbCommand (1ms) [Parameters=[], CommandType='Text', CommandTimeout='30']&#xD;
      ALTER TABLE users RENAME COLUMN "IsActive" TO is_active;&#xD;
info: Microsoft.EntityFrameworkCore.Database.Command[20101]&#xD;
      Executed DbCommand (2ms) [Parameters=[], CommandType='Text', CommandTimeout='30']&#xD;
      ALTER TABLE users RENAME COLUMN "FullName" TO full_name;&#xD;
info: Microsoft.EntityFrameworkCore.Database.Command[20101]&#xD;
      Executed DbCommand (1ms) [Parameters=[], CommandType='Text', CommandTimeout='30']&#xD;
      ALTER TABLE users RENAME COLUMN "CreatedAt" TO created_at;&#xD;
info: Microsoft.EntityFrameworkCore.Database.Command[20101]&#xD;
      Executed DbCommand (1ms) [Parameters=[], CommandType='Text', CommandTimeout='30']&#xD;
      ALTER TABLE roles RENAME COLUMN "Name" TO name;&#xD;
info: Microsoft.EntityFrameworkCore.Database.Command[20101]&#xD;
      Executed DbCommand (1ms) [Parameters=[], CommandType='Text', CommandTimeout='30']&#xD;
      ALTER TABLE roles RENAME COLUMN "Description" TO description;&#xD;
info: Microsoft.EntityFrameworkCore.Database.Command[20101]&#xD;
      Executed DbCommand (3ms) [Parameters=[], CommandType='Text', CommandTimeout='30']&#xD;
      ALTER TABLE roles RENAME COLUMN "Id" TO id;&#xD;
info: Microsoft.EntityFrameworkCore.Database.Command[20101]&#xD;
      Executed DbCommand (3ms) [Parameters=[], CommandType='Text', CommandTimeout='30']&#xD;
      ALTER TABLE roles RENAME COLUMN "IsActive" TO is_active;&#xD;
info: Microsoft.EntityFrameworkCore.Database.Command[20101]&#xD;
      Executed DbCommand (3ms) [Parameters=[], CommandType='Text', CommandTimeout='30']&#xD;
      ALTER TABLE roles RENAME COLUMN "CreatedAt" TO created_at;&#xD;
info: Microsoft.EntityFrameworkCore.Database.Command[20101]&#xD;
      Executed DbCommand (2ms) [Parameters=[], CommandType='Text', CommandTimeout='30']&#xD;
      ALTER TABLE test_case_priorities RENAME COLUMN "Name" TO name;&#xD;
info: Microsoft.EntityFrameworkCore.Database.Command[20101]&#xD;
      Executed DbCommand (2ms) [Parameters=[], CommandType='Text', CommandTimeout='30']&#xD;
      ALTER TABLE test_case_priorities RENAME COLUMN "Description" TO description;&#xD;
info: Microsoft.EntityFrameworkCore.Database.Command[20101]&#xD;
      Executed DbCommand (2ms) [Parameters=[], CommandType='Text', CommandTimeout='30']&#xD;
      ALTER TABLE test_case_priorities RENAME COLUMN "Code" TO code;&#xD;
info: Microsoft.EntityFrameworkCore.Database.Command[20101]&#xD;
      Executed DbCommand (2ms) [Parameters=[], CommandType='Text', CommandTimeout='30']&#xD;
      ALTER TABLE test_case_priorities RENAME COLUMN "Id" TO id;&#xD;
info: Microsoft.EntityFrameworkCore.Database.Command[20101]&#xD;
      Executed DbCommand (2ms) [Parameters=[], CommandType='Text', CommandTimeout='30']&#xD;
      ALTER TABLE test_case_priorities RENAME COLUMN "SortOrder" TO sort_order;&#xD;
info: Microsoft.EntityFrameworkCore.Database.Command[20101]&#xD;
      Executed DbCommand (3ms) [Parameters=[], CommandType='Text', CommandTimeout='30']&#xD;
      ALTER TABLE test_case_priorities RENAME COLUMN "IsActive" TO is_active;&#xD;
info: Microsoft.EntityFrameworkCore.Database.Command[20101]&#xD;
      Executed DbCommand (2ms) [Parameters=[], CommandType='Text', CommandTimeout='30']&#xD;
      ALTER TABLE test_case_priorities RENAME COLUMN "CreatedAt" TO created_at;&#xD;
info: Microsoft.EntityFrameworkCore.Database.Command[20101]&#xD;
      Executed DbCommand (2ms) [Parameters=[], CommandType='Text', CommandTimeout='30']&#xD;
      ALTER TABLE task_priorities RENAME COLUMN "Name" TO name;&#xD;
info: Microsoft.EntityFrameworkCore.Database.Command[20101]&#xD;
      Executed DbCommand (1ms) [Parameters=[], CommandType='Text', CommandTimeout='30']&#xD;
      ALTER TABLE task_priorities RENAME COLUMN "Description" TO description;&#xD;
info: Microsoft.EntityFrameworkCore.Database.Command[20101]&#xD;
      Executed DbCommand (1ms) [Parameters=[], CommandType='Text', CommandTimeout='30']&#xD;
      ALTER TABLE task_priorities RENAME COLUMN "Code" TO code;&#xD;
info: Microsoft.EntityFrameworkCore.Database.Command[20101]&#xD;
      Executed DbCommand (1ms) [Parameters=[], CommandType='Text', CommandTimeout='30']&#xD;
      ALTER TABLE task_priorities RENAME COLUMN "Id" TO id;&#xD;
info: Microsoft.EntityFrameworkCore.Database.Command[20101]&#xD;
      Executed DbCommand (1ms) [Parameters=[], CommandType='Text', CommandTimeout='30']&#xD;
      ALTER TABLE task_priorities RENAME COLUMN "SortOrder" TO sort_order;&#xD;
info: Microsoft.EntityFrameworkCore.Database.Command[20101]&#xD;
      Executed DbCommand (5ms) [Parameters=[], CommandType='Text', CommandTimeout='30']&#xD;
      ALTER TABLE task_priorities RENAME COLUMN "IsActive" TO is_active;&#xD;
info: Microsoft.EntityFrameworkCore.Database.Command[20101]&#xD;
      Executed DbCommand (3ms) [Parameters=[], CommandType='Text', CommandTimeout='30']&#xD;
      ALTER TABLE task_priorities RENAME COLUMN "CreatedAt" TO created_at;&#xD;
info: Microsoft.EntityFrameworkCore.Database.Command[20101]&#xD;
      Executed DbCommand (2ms) [Parameters=[], CommandType='Text', CommandTimeout='30']&#xD;
      ALTER TABLE step_result_statuses RENAME COLUMN "Name" TO name;&#xD;
info: Microsoft.EntityFrameworkCore.Database.Command[20101]&#xD;
      Executed DbCommand (2ms) [Parameters=[], CommandType='Text', CommandTimeout='30']&#xD;
      ALTER TABLE step_result_statuses RENAME COLUMN "Description" TO description;&#xD;
info: Microsoft.EntityFrameworkCore.Database.Command[20101]&#xD;
      Executed DbCommand (2ms) [Parameters=[], CommandType='Text', CommandTimeout='30']&#xD;
      ALTER TABLE step_result_statuses RENAME COLUMN "Code" TO code;&#xD;
info: Microsoft.EntityFrameworkCore.Database.Command[20101]&#xD;
      Executed DbCommand (2ms) [Parameters=[], CommandType='Text', CommandTimeout='30']&#xD;
      ALTER TABLE step_result_statuses RENAME COLUMN "Id" TO id;&#xD;
info: Microsoft.EntityFrameworkCore.Database.Command[20101]&#xD;
      Executed DbCommand (2ms) [Parameters=[], CommandType='Text', CommandTimeout='30']&#xD;
      ALTER TABLE step_result_statuses RENAME COLUMN "SortOrder" TO sort_order;&#xD;
info: Microsoft.EntityFrameworkCore.Database.Command[20101]&#xD;
      Executed DbCommand (4ms) [Parameters=[], CommandType='Text', CommandTimeout='30']&#xD;
      ALTER TABLE step_result_statuses RENAME COLUMN "IsActive" TO is_active;&#xD;
info: Microsoft.EntityFrameworkCore.Database.Command[20101]&#xD;
      Executed DbCommand (3ms) [Parameters=[], CommandType='Text', CommandTimeout='30']&#xD;
      ALTER TABLE step_result_statuses RENAME COLUMN "CreatedAt" TO created_at;&#xD;
info: Microsoft.EntityFrameworkCore.Database.Command[20101]&#xD;
      Executed DbCommand (2ms) [Parameters=[], CommandType='Text', CommandTimeout='30']&#xD;
      ALTER TABLE evidence_types RENAME COLUMN "Name" TO name;&#xD;
info: Microsoft.EntityFrameworkCore.Database.Command[20101]&#xD;
      Executed DbCommand (2ms) [Parameters=[], CommandType='Text', CommandTimeout='30']&#xD;
      ALTER TABLE evidence_types RENAME COLUMN "Description" TO description;&#xD;
info: Microsoft.EntityFrameworkCore.Database.Command[20101]&#xD;
      Executed DbCommand (2ms) [Parameters=[], CommandType='Text', CommandTimeout='30']&#xD;
      ALTER TABLE evidence_types RENAME COLUMN "Code" TO code;&#xD;
info: Microsoft.EntityFrameworkCore.Database.Command[20101]&#xD;
      Executed DbCommand (2ms) [Parameters=[], CommandType='Text', CommandTimeout='30']&#xD;
      ALTER TABLE evidence_types RENAME COLUMN "Id" TO id;&#xD;
info: Microsoft.EntityFrameworkCore.Database.Command[20101]&#xD;
      Executed DbCommand (5ms) [Parameters=[], CommandType='Text', CommandTimeout='30']&#xD;
      ALTER TABLE evidence_types RENAME COLUMN "SortOrder" TO sort_order;&#xD;
info: Microsoft.EntityFrameworkCore.Database.Command[20101]&#xD;
      Executed DbCommand (3ms) [Parameters=[], CommandType='Text', CommandTimeout='30']&#xD;
      ALTER TABLE evidence_types RENAME COLUMN "IsActive" TO is_active;&#xD;
info: Microsoft.EntityFrameworkCore.Database.Command[20101]&#xD;
      Executed DbCommand (3ms) [Parameters=[], CommandType='Text', CommandTimeout='30']&#xD;
      ALTER TABLE evidence_types RENAME COLUMN "CreatedAt" TO created_at;&#xD;
info: Microsoft.EntityFrameworkCore.Database.Command[20101]&#xD;
      Executed DbCommand (9ms) [Parameters=[], CommandType='Text', CommandTimeout='30']&#xD;
      ALTER TABLE users ALTER COLUMN username TYPE character varying(100);&#xD;
info: Microsoft.EntityFrameworkCore.Database.Command[20101]&#xD;
      Executed DbCommand (6ms) [Parameters=[], CommandType='Text', CommandTimeout='30']&#xD;
      ALTER TABLE users ALTER COLUMN email TYPE character varying(150);&#xD;
info: Microsoft.EntityFrameworkCore.Database.Command[20101]&#xD;
      Executed DbCommand (5ms) [Parameters=[], CommandType='Text', CommandTimeout='30']&#xD;
      ALTER TABLE users ALTER COLUMN is_active SET DEFAULT TRUE;&#xD;
info: Microsoft.EntityFrameworkCore.Database.Command[20101]&#xD;
      Executed DbCommand (11ms) [Parameters=[], CommandType='Text', CommandTimeout='30']&#xD;
      ALTER TABLE users ALTER COLUMN full_name TYPE character varying(200);&#xD;
info: Microsoft.EntityFrameworkCore.Database.Command[20101]&#xD;
      Executed DbCommand (2ms) [Parameters=[], CommandType='Text', CommandTimeout='30']&#xD;
      ALTER TABLE users ALTER COLUMN created_at SET DEFAULT (NOW());&#xD;
info: Microsoft.EntityFrameworkCore.Database.Command[20101]&#xD;
      Executed DbCommand (6ms) [Parameters=[], CommandType='Text', CommandTimeout='30']&#xD;
      ALTER TABLE roles ALTER COLUMN name TYPE character varying(100);&#xD;
info: Microsoft.EntityFrameworkCore.Database.Command[20101]&#xD;
      Executed DbCommand (6ms) [Parameters=[], CommandType='Text', CommandTimeout='30']&#xD;
      ALTER TABLE roles ALTER COLUMN description TYPE character varying(500);&#xD;
info: Microsoft.EntityFrameworkCore.Database.Command[20101]&#xD;
      Executed DbCommand (2ms) [Parameters=[], CommandType='Text', CommandTimeout='30']&#xD;
      ALTER TABLE roles ALTER COLUMN is_active SET DEFAULT TRUE;&#xD;
info: Microsoft.EntityFrameworkCore.Database.Command[20101]&#xD;
      Executed DbCommand (1ms) [Parameters=[], CommandType='Text', CommandTimeout='30']&#xD;
      ALTER TABLE roles ALTER COLUMN created_at SET DEFAULT (NOW());&#xD;
info: Microsoft.EntityFrameworkCore.Database.Command[20101]&#xD;
      Executed DbCommand (5ms) [Parameters=[], CommandType='Text', CommandTimeout='30']&#xD;
      ALTER TABLE test_case_priorities ALTER COLUMN name TYPE character varying(100);&#xD;
info: Microsoft.EntityFrameworkCore.Database.Command[20101]&#xD;
      Executed DbCommand (5ms) [Parameters=[], CommandType='Text', CommandTimeout='30']&#xD;
      ALTER TABLE test_case_priorities ALTER COLUMN description TYPE character varying(500);&#xD;
info: Microsoft.EntityFrameworkCore.Database.Command[20101]&#xD;
      Executed DbCommand (4ms) [Parameters=[], CommandType='Text', CommandTimeout='30']&#xD;
      ALTER TABLE test_case_priorities ALTER COLUMN code TYPE character varying(50);&#xD;
info: Microsoft.EntityFrameworkCore.Database.Command[20101]&#xD;
      Executed DbCommand (2ms) [Parameters=[], CommandType='Text', CommandTimeout='30']&#xD;
      ALTER TABLE test_case_priorities ALTER COLUMN sort_order SET DEFAULT 0;&#xD;
info: Microsoft.EntityFrameworkCore.Database.Command[20101]&#xD;
      Executed DbCommand (1ms) [Parameters=[], CommandType='Text', CommandTimeout='30']&#xD;
      ALTER TABLE test_case_priorities ALTER COLUMN is_active SET DEFAULT TRUE;&#xD;
info: Microsoft.EntityFrameworkCore.Database.Command[20101]&#xD;
      Executed DbCommand (1ms) [Parameters=[], CommandType='Text', CommandTimeout='30']&#xD;
      ALTER TABLE test_case_priorities ALTER COLUMN created_at SET DEFAULT (NOW());&#xD;
info: Microsoft.EntityFrameworkCore.Database.Command[20101]&#xD;
      Executed DbCommand (4ms) [Parameters=[], CommandType='Text', CommandTimeout='30']&#xD;
      ALTER TABLE task_priorities ALTER COLUMN name TYPE character varying(100);&#xD;
info: Microsoft.EntityFrameworkCore.Database.Command[20101]&#xD;
      Executed DbCommand (4ms) [Parameters=[], CommandType='Text', CommandTimeout='30']&#xD;
      ALTER TABLE task_priorities ALTER COLUMN description TYPE character varying(500);&#xD;
info: Microsoft.EntityFrameworkCore.Database.Command[20101]&#xD;
      Executed DbCommand (4ms) [Parameters=[], CommandType='Text', CommandTimeout='30']&#xD;
      ALTER TABLE task_priorities ALTER COLUMN code TYPE character varying(50);&#xD;
info: Microsoft.EntityFrameworkCore.Database.Command[20101]&#xD;
      Executed DbCommand (2ms) [Parameters=[], CommandType='Text', CommandTimeout='30']&#xD;
      ALTER TABLE task_priorities ALTER COLUMN sort_order SET DEFAULT 0;&#xD;
info: Microsoft.EntityFrameworkCore.Database.Command[20101]&#xD;
      Executed DbCommand (2ms) [Parameters=[], CommandType='Text', CommandTimeout='30']&#xD;
      ALTER TABLE task_priorities ALTER COLUMN is_active SET DEFAULT TRUE;&#xD;
info: Microsoft.EntityFrameworkCore.Database.Command[20101]&#xD;
      Executed DbCommand (1ms) [Parameters=[], CommandType='Text', CommandTimeout='30']&#xD;
      ALTER TABLE task_priorities ALTER COLUMN created_at SET DEFAULT (NOW());&#xD;
info: Microsoft.EntityFrameworkCore.Database.Command[20101]&#xD;
      Executed DbCommand (5ms) [Parameters=[], CommandType='Text', CommandTimeout='30']&#xD;
      ALTER TABLE step_result_statuses ALTER COLUMN name TYPE character varying(100);&#xD;
info: Microsoft.EntityFrameworkCore.Database.Command[20101]&#xD;
      Executed DbCommand (4ms) [Parameters=[], CommandType='Text', CommandTimeout='30']&#xD;
      ALTER TABLE step_result_statuses ALTER COLUMN description TYPE character varying(500);&#xD;
info: Microsoft.EntityFrameworkCore.Database.Command[20101]&#xD;
      Executed DbCommand (4ms) [Parameters=[], CommandType='Text', CommandTimeout='30']&#xD;
      ALTER TABLE step_result_statuses ALTER COLUMN code TYPE character varying(50);&#xD;
info: Microsoft.EntityFrameworkCore.Database.Command[20101]&#xD;
      Executed DbCommand (2ms) [Parameters=[], CommandType='Text', CommandTimeout='30']&#xD;
      ALTER TABLE step_result_statuses ALTER COLUMN sort_order SET DEFAULT 0;&#xD;
info: Microsoft.EntityFrameworkCore.Database.Command[20101]&#xD;
      Executed DbCommand (2ms) [Parameters=[], CommandType='Text', CommandTimeout='30']&#xD;
      ALTER TABLE step_result_statuses ALTER COLUMN is_active SET DEFAULT TRUE;&#xD;
info: Microsoft.EntityFrameworkCore.Database.Command[20101]&#xD;
      Executed DbCommand (4ms) [Parameters=[], CommandType='Text', CommandTimeout='30']&#xD;
      ALTER TABLE step_result_statuses ALTER COLUMN created_at SET DEFAULT (NOW());&#xD;
info: Microsoft.EntityFrameworkCore.Database.Command[20101]&#xD;
      Executed DbCommand (4ms) [Parameters=[], CommandType='Text', CommandTimeout='30']&#xD;
      ALTER TABLE evidence_types ALTER COLUMN name TYPE character varying(100);&#xD;
info: Microsoft.EntityFrameworkCore.Database.Command[20101]&#xD;
      Executed DbCommand (4ms) [Parameters=[], CommandType='Text', CommandTimeout='30']&#xD;
      ALTER TABLE evidence_types ALTER COLUMN description TYPE character varying(500);&#xD;
info: Microsoft.EntityFrameworkCore.Database.Command[20101]&#xD;
      Executed DbCommand (4ms) [Parameters=[], CommandType='Text', CommandTimeout='30']&#xD;
      ALTER TABLE evidence_types ALTER COLUMN code TYPE character varying(50);&#xD;
info: Microsoft.EntityFrameworkCore.Database.Command[20101]&#xD;
      Executed DbCommand (3ms) [Parameters=[], CommandType='Text', CommandTimeout='30']&#xD;
      ALTER TABLE evidence_types ALTER COLUMN sort_order SET DEFAULT 0;&#xD;
info: Microsoft.EntityFrameworkCore.Database.Command[20101]&#xD;
      Executed DbCommand (3ms) [Parameters=[], CommandType='Text', CommandTimeout='30']&#xD;
      ALTER TABLE evidence_types ALTER COLUMN is_active SET DEFAULT TRUE;&#xD;
info: Microsoft.EntityFrameworkCore.Database.Command[20101]&#xD;
      Executed DbCommand (2ms) [Parameters=[], CommandType='Text', CommandTimeout='30']&#xD;
      ALTER TABLE evidence_types ALTER COLUMN created_at SET DEFAULT (NOW());&#xD;
info: Microsoft.EntityFrameworkCore.Database.Command[20101]&#xD;
      Executed DbCommand (2ms) [Parameters=[], CommandType='Text', CommandTimeout='30']&#xD;
      ALTER TABLE users ADD CONSTRAINT "PK_users" PRIMARY KEY (id);&#xD;
info: Microsoft.EntityFrameworkCore.Database.Command[20101]&#xD;
      Executed DbCommand (3ms) [Parameters=[], CommandType='Text', CommandTimeout='30']&#xD;
      ALTER TABLE roles ADD CONSTRAINT "PK_roles" PRIMARY KEY (id);&#xD;
info: Microsoft.EntityFrameworkCore.Database.Command[20101]&#xD;
      Executed DbCommand (3ms) [Parameters=[], CommandType='Text', CommandTimeout='30']&#xD;
      ALTER TABLE test_case_priorities ADD CONSTRAINT "PK_test_case_priorities" PRIMARY KEY (id);&#xD;
info: Microsoft.EntityFrameworkCore.Database.Command[20101]&#xD;
      Executed DbCommand (3ms) [Parameters=[], CommandType='Text', CommandTimeout='30']&#xD;
      ALTER TABLE task_priorities ADD CONSTRAINT "PK_task_priorities" PRIMARY KEY (id);&#xD;
info: Microsoft.EntityFrameworkCore.Database.Command[20101]&#xD;
      Executed DbCommand (3ms) [Parameters=[], CommandType='Text', CommandTimeout='30']&#xD;
      ALTER TABLE step_result_statuses ADD CONSTRAINT "PK_step_result_statuses" PRIMARY KEY (id);&#xD;
info: Microsoft.EntityFrameworkCore.Database.Command[20101]&#xD;
      Executed DbCommand (2ms) [Parameters=[], CommandType='Text', CommandTimeout='30']&#xD;
      ALTER TABLE evidence_types ADD CONSTRAINT "PK_evidence_types" PRIMARY KEY (id);&#xD;
info: Microsoft.EntityFrameworkCore.Database.Command[20101]&#xD;
      Executed DbCommand (2ms) [Parameters=[], CommandType='Text', CommandTimeout='30']&#xD;
      INSERT INTO evidence_types (id, code, created_at, description, is_active, name, sort_order)&#xD;
      VALUES (1, 'IMAGE', TIMESTAMPTZ '2026-02-15T19:20:05.647548Z', NULL, TRUE, 'Imagen', 1);&#xD;
      INSERT INTO evidence_types (id, code, created_at, description, is_active, name, sort_order)&#xD;
      VALUES (2, 'VIDEO', TIMESTAMPTZ '2026-02-15T19:20:05.647548Z', NULL, TRUE, 'Video', 2);&#xD;
      INSERT INTO evidence_types (id, code, created_at, description, is_active, name, sort_order)&#xD;
      VALUES (3, 'DOCUMENT', TIMESTAMPTZ '2026-02-15T19:20:05.647549Z', NULL, TRUE, 'Documento', 3);&#xD;
      INSERT INTO evidence_types (id, code, created_at, description, is_active, name, sort_order)&#xD;
      VALUES (4, 'LOG_FILE', TIMESTAMPTZ '2026-02-15T19:20:05.647549Z', NULL, TRUE, 'Archivo de Log', 4);&#xD;
info: Microsoft.EntityFrameworkCore.Database.Command[20101]&#xD;
      Executed DbCommand (3ms) [Parameters=[], CommandType='Text', CommandTimeout='30']&#xD;
      UPDATE execution_statuses SET created_at = TIMESTAMPTZ '2026-02-15T19:20:05.648029Z'&#xD;
      WHERE id = 1;&#xD;
info: Microsoft.EntityFrameworkCore.Database.Command[20101]&#xD;
      Executed DbCommand (2ms) [Parameters=[], CommandType='Text', CommandTimeout='30']&#xD;
      UPDATE execution_statuses SET created_at = TIMESTAMPTZ '2026-02-15T19:20:05.648029Z'&#xD;
      WHERE id = 2;&#xD;
info: Microsoft.EntityFrameworkCore.Database.Command[20101]&#xD;
      Executed DbCommand (4ms) [Parameters=[], CommandType='Text', CommandTimeout='30']&#xD;
      UPDATE execution_statuses SET created_at = TIMESTAMPTZ '2026-02-15T19:20:05.648029Z'&#xD;
      WHERE id = 3;&#xD;
info: Microsoft.EntityFrameworkCore.Database.Command[20101]&#xD;
      Executed DbCommand (2ms) [Parameters=[], CommandType='Text', CommandTimeout='30']&#xD;
      UPDATE execution_statuses SET created_at = TIMESTAMPTZ '2026-02-15T19:20:05.648029Z'&#xD;
      WHERE id = 4;&#xD;
info: Microsoft.EntityFrameworkCore.Database.Command[20101]&#xD;
      Executed DbCommand (1ms) [Parameters=[], CommandType='Text', CommandTimeout='30']&#xD;
      UPDATE execution_statuses SET created_at = TIMESTAMPTZ '2026-02-15T19:20:05.64803Z'&#xD;
      WHERE id = 5;&#xD;
info: Microsoft.EntityFrameworkCore.Database.Command[20101]&#xD;
      Executed DbCommand (1ms) [Parameters=[], CommandType='Text', CommandTimeout='30']&#xD;
      UPDATE execution_statuses SET created_at = TIMESTAMPTZ '2026-02-15T19:20:05.64803Z'&#xD;
      WHERE id = 6;&#xD;
info: Microsoft.EntityFrameworkCore.Database.Command[20101]&#xD;
      Executed DbCommand (2ms) [Parameters=[], CommandType='Text', CommandTimeout='30']&#xD;
      INSERT INTO roles (id, created_at, description, is_active, name)&#xD;
      VALUES ('11111111-1111-1111-1111-111111111111', TIMESTAMPTZ '2025-01-01T00:00:00Z', 'Acceso total al sistema', TRUE, 'Administrator');&#xD;
      INSERT INTO roles (id, created_at, description, is_active, name)&#xD;
      VALUES ('22222222-2222-2222-2222-222222222222', TIMESTAMPTZ '2025-01-01T00:00:00Z', 'Ejecuci�n y gesti�n de pruebas', TRUE, 'Tester');&#xD;
info: Microsoft.EntityFrameworkCore.Database.Command[20101]&#xD;
      Executed DbCommand (1ms) [Parameters=[], CommandType='Text', CommandTimeout='30']&#xD;
      INSERT INTO step_result_statuses (id, code, created_at, description, is_active, name, sort_order)&#xD;
      VALUES (1, 'NOT_EXECUTED', TIMESTAMPTZ '2026-02-15T19:20:05.649817Z', NULL, TRUE, 'No Ejecutado', 1);&#xD;
      INSERT INTO step_result_statuses (id, code, created_at, description, is_active, name, sort_order)&#xD;
      VALUES (2, 'PASSED', TIMESTAMPTZ '2026-02-15T19:20:05.649817Z', NULL, TRUE, 'Aprobado', 2);&#xD;
      INSERT INTO step_result_statuses (id, code, created_at, description, is_active, name, sort_order)&#xD;
      VALUES (3, 'FAILED', TIMESTAMPTZ '2026-02-15T19:20:05.649817Z', NULL, TRUE, 'Fallido', 3);&#xD;
      INSERT INTO step_result_statuses (id, code, created_at, description, is_active, name, sort_order)&#xD;
      VALUES (4, 'BLOCKED', TIMESTAMPTZ '2026-02-15T19:20:05.649817Z', NULL, TRUE, 'Bloqueado', 4);&#xD;
info: Microsoft.EntityFrameworkCore.Database.Command[20101]&#xD;
      Executed DbCommand (2ms) [Parameters=[], CommandType='Text', CommandTimeout='30']&#xD;
      INSERT INTO task_priorities (id, code, created_at, description, is_active, name, sort_order)&#xD;
      VALUES (1, 'LOW', TIMESTAMPTZ '2026-02-15T19:20:05.650146Z', NULL, TRUE, 'Baja', 1);&#xD;
      INSERT INTO task_priorities (id, code, created_at, description, is_active, name, sort_order)&#xD;
      VALUES (2, 'MEDIUM', TIMESTAMPTZ '2026-02-15T19:20:05.650147Z', NULL, TRUE, 'Media', 2);&#xD;
      INSERT INTO task_priorities (id, code, created_at, description, is_active, name, sort_order)&#xD;
      VALUES (3, 'HIGH', TIMESTAMPTZ '2026-02-15T19:20:05.650147Z', NULL, TRUE, 'Alta', 3);&#xD;
      INSERT INTO task_priorities (id, code, created_at, description, is_active, name, sort_order)&#xD;
      VALUES (4, 'CRITICAL', TIMESTAMPTZ '2026-02-15T19:20:05.650147Z', NULL, TRUE, 'Cr�tica', 4);&#xD;
info: Microsoft.EntityFrameworkCore.Database.Command[20101]&#xD;
      Executed DbCommand (2ms) [Parameters=[], CommandType='Text', CommandTimeout='30']&#xD;
      INSERT INTO test_case_priorities (id, code, created_at, description, is_active, name, sort_order)&#xD;
      VALUES (1, 'LOW', TIMESTAMPTZ '2026-02-15T19:20:05.650537Z', NULL, TRUE, 'Baja', 1);&#xD;
      INSERT INTO test_case_priorities (id, code, created_at, description, is_active, name, sort_order)&#xD;
      VALUES (2, 'MEDIUM', TIMESTAMPTZ '2026-02-15T19:20:05.650537Z', NULL, TRUE, 'Media', 2);&#xD;
      INSERT INTO test_case_priorities (id, code, created_at, description, is_active, name, sort_order)&#xD;
      VALUES (3, 'HIGH', TIMESTAMPTZ '2026-02-15T19:20:05.650537Z', NULL, TRUE, 'Alta', 3);&#xD;
      INSERT INTO test_case_priorities (id, code, created_at, description, is_active, name, sort_order)&#xD;
      VALUES (4, 'CRITICAL', TIMESTAMPTZ '2026-02-15T19:20:05.650537Z', NULL, TRUE, 'Cr�tica', 4);&#xD;
info: Microsoft.EntityFrameworkCore.Database.Command[20101]&#xD;
      Executed DbCommand (3ms) [Parameters=[], CommandType='Text', CommandTimeout='30']&#xD;
      INSERT INTO users (id, created_at, email, full_name, is_active, password_hash, refresh_token, refresh_token_expiry_time, updated_at, username)&#xD;
      VALUES ('99999999-9999-9999-9999-999999999999', TIMESTAMPTZ '2025-01-01T00:00:00Z', 'admin@qams.local', 'Administrador Base', TRUE, '$2a$12$R9h/LIPzKuOfSRR6M9V39u.BBzBRS7O.O80X9/b9L.p51v5FzE5x.', NULL, NULL, NULL, 'admin');&#xD;
info: Microsoft.EntityFrameworkCore.Database.Command[20101]&#xD;
      Executed DbCommand (8ms) [Parameters=[], CommandType='Text', CommandTimeout='30']&#xD;
      INSERT INTO role_permissions ("PermissionId", "RoleId", "AssignedAt")&#xD;
      VALUES ('41544143-4f4c-5347-5f4d-414e41474500', '11111111-1111-1111-1111-111111111111', TIMESTAMPTZ '2025-01-01T00:00:00Z');&#xD;
      INSERT INTO role_permissions ("PermissionId", "RoleId", "AssignedAt")&#xD;
      VALUES ('41544143-4f4c-5347-5f56-494557000000', '11111111-1111-1111-1111-111111111111', TIMESTAMPTZ '2025-01-01T00:00:00Z');&#xD;
      INSERT INTO role_permissions ("PermissionId", "RoleId", "AssignedAt")&#xD;
      VALUES ('424e414b-4e41-435f-5245-415445000000', '11111111-1111-1111-1111-111111111111', TIMESTAMPTZ '2025-01-01T00:00:00Z');&#xD;
      INSERT INTO role_permissions ("PermissionId", "RoleId", "AssignedAt")&#xD;
      VALUES ('424e414b-4e41-445f-454c-455445000000', '11111111-1111-1111-1111-111111111111', TIMESTAMPTZ '2025-01-01T00:00:00Z');&#xD;
      INSERT INTO role_permissions ("PermissionId", "RoleId", "AssignedAt")&#xD;
      VALUES ('424e414b-4e41-555f-5044-415445000000', '11111111-1111-1111-1111-111111111111', TIMESTAMPTZ '2025-01-01T00:00:00Z');&#xD;
      INSERT INTO role_permissions ("PermissionId", "RoleId", "AssignedAt")&#xD;
      VALUES ('424e414b-4e41-565f-4945-570000000000', '11111111-1111-1111-1111-111111111111', TIMESTAMPTZ '2025-01-01T00:00:00Z');&#xD;
      INSERT INTO role_permissions ("PermissionId", "RoleId", "AssignedAt")&#xD;
      VALUES ('43455845-5455-4f49-4e53-5f4352454154', '11111111-1111-1111-1111-111111111111', TIMESTAMPTZ '2025-01-01T00:00:00Z');&#xD;
      INSERT INTO role_permissions ("PermissionId", "RoleId", "AssignedAt")&#xD;
      VALUES ('43455845-5455-4f49-4e53-5f5550444154', '11111111-1111-1111-1111-111111111111', TIMESTAMPTZ '2025-01-01T00:00:00Z');&#xD;
      INSERT INTO role_permissions ("PermissionId", "RoleId", "AssignedAt")&#xD;
      VALUES ('43455845-5455-4f49-4e53-5f55504c4f41', '11111111-1111-1111-1111-111111111111', TIMESTAMPTZ '2025-01-01T00:00:00Z');&#xD;
      INSERT INTO role_permissions ("PermissionId", "RoleId", "AssignedAt")&#xD;
      VALUES ('43455845-5455-4f49-4e53-5f5649455700', '11111111-1111-1111-1111-111111111111', TIMESTAMPTZ '2025-01-01T00:00:00Z');&#xD;
      INSERT INTO role_permissions ("PermissionId", "RoleId", "AssignedAt")&#xD;
      VALUES ('454c4f52-5f53-4544-4c45-544500000000', '11111111-1111-1111-1111-111111111111', TIMESTAMPTZ '2025-01-01T00:00:00Z');&#xD;
      INSERT INTO role_permissions ("PermissionId", "RoleId", "AssignedAt")&#xD;
      VALUES ('454c4f52-5f53-4956-4557-000000000000', '11111111-1111-1111-1111-111111111111', TIMESTAMPTZ '2025-01-01T00:00:00Z');&#xD;
      INSERT INTO role_permissions ("PermissionId", "RoleId", "AssignedAt")&#xD;
      VALUES ('454c4f52-5f53-5055-4441-544500000000', '11111111-1111-1111-1111-111111111111', TIMESTAMPTZ '2025-01-01T00:00:00Z');&#xD;
      INSERT INTO role_permissions ("PermissionId", "RoleId", "AssignedAt")&#xD;
      VALUES ('454c4f52-5f53-5243-4541-544500000000', '11111111-1111-1111-1111-111111111111', TIMESTAMPTZ '2025-01-01T00:00:00Z');&#xD;
      INSERT INTO role_permissions ("PermissionId", "RoleId", "AssignedAt")&#xD;
      VALUES ('454c4f52-5f53-5341-5349-474e5f504552', '11111111-1111-1111-1111-111111111111', TIMESTAMPTZ '2025-01-01T00:00:00Z');&#xD;
      INSERT INTO role_permissions ("PermissionId", "RoleId", "AssignedAt")&#xD;
      VALUES ('48534144-4f42-5241-445f-564945570000', '11111111-1111-1111-1111-111111111111', TIMESTAMPTZ '2025-01-01T00:00:00Z');&#xD;
      INSERT INTO role_permissions ("PermissionId", "RoleId", "AssignedAt")&#xD;
      VALUES ('4a4f5250-4345-5354-5f43-524541544500', '11111111-1111-1111-1111-111111111111', TIMESTAMPTZ '2025-01-01T00:00:00Z');&#xD;
      INSERT INTO role_permissions ("PermissionId", "RoleId", "AssignedAt")&#xD;
      VALUES ('4a4f5250-4345-5354-5f44-454c45544500', '11111111-1111-1111-1111-111111111111', TIMESTAMPTZ '2025-01-01T00:00:00Z');&#xD;
      INSERT INTO role_permissions ("PermissionId", "RoleId", "AssignedAt")&#xD;
      VALUES ('4a4f5250-4345-5354-5f55-504441544500', '11111111-1111-1111-1111-111111111111', TIMESTAMPTZ '2025-01-01T00:00:00Z');&#xD;
      INSERT INTO role_permissions ("PermissionId", "RoleId", "AssignedAt")&#xD;
      VALUES ('4a4f5250-4345-5354-5f56-494557000000', '11111111-1111-1111-1111-111111111111', TIMESTAMPTZ '2025-01-01T00:00:00Z');&#xD;
      INSERT INTO role_permissions ("PermissionId", "RoleId", "AssignedAt")&#xD;
      VALUES ('52455355-5f53-4544-4c45-544500000000', '11111111-1111-1111-1111-111111111111', TIMESTAMPTZ '2025-01-01T00:00:00Z');&#xD;
      INSERT INTO role_permissions ("PermissionId", "RoleId", "AssignedAt")&#xD;
      VALUES ('52455355-5f53-4956-4557-000000000000', '11111111-1111-1111-1111-111111111111', TIMESTAMPTZ '2025-01-01T00:00:00Z');&#xD;
      INSERT INTO role_permissions ("PermissionId", "RoleId", "AssignedAt")&#xD;
      VALUES ('52455355-5f53-5055-4441-544500000000', '11111111-1111-1111-1111-111111111111', TIMESTAMPTZ '2025-01-01T00:00:00Z');&#xD;
      INSERT INTO role_permissions ("PermissionId", "RoleId", "AssignedAt")&#xD;
      VALUES ('52455355-5f53-5243-4541-544500000000', '11111111-1111-1111-1111-111111111111', TIMESTAMPTZ '2025-01-01T00:00:00Z');&#xD;
      INSERT INTO role_permissions ("PermissionId", "RoleId", "AssignedAt")&#xD;
      VALUES ('54534554-435f-5341-4553-5f4352454154', '11111111-1111-1111-1111-111111111111', TIMESTAMPTZ '2025-01-01T00:00:00Z');&#xD;
      INSERT INTO role_permissions ("PermissionId", "RoleId", "AssignedAt")&#xD;
      VALUES ('54534554-435f-5341-4553-5f44454c4554', '11111111-1111-1111-1111-111111111111', TIMESTAMPTZ '2025-01-01T00:00:00Z');&#xD;
      INSERT INTO role_permissions ("PermissionId", "RoleId", "AssignedAt")&#xD;
      VALUES ('54534554-435f-5341-4553-5f5550444154', '11111111-1111-1111-1111-111111111111', TIMESTAMPTZ '2025-01-01T00:00:00Z');&#xD;
      INSERT INTO role_permissions ("PermissionId", "RoleId", "AssignedAt")&#xD;
      VALUES ('54534554-435f-5341-4553-5f5649455700', '11111111-1111-1111-1111-111111111111', TIMESTAMPTZ '2025-01-01T00:00:00Z');&#xD;
info: Microsoft.EntityFrameworkCore.Database.Command[20101]&#xD;
      Executed DbCommand (3ms) [Parameters=[], CommandType='Text', CommandTimeout='30']&#xD;
      INSERT INTO user_roles ("RoleId", "UserId", "AssignedAt")&#xD;
      VALUES ('11111111-1111-1111-1111-111111111111', '99999999-9999-9999-9999-999999999999', TIMESTAMPTZ '2025-01-01T00:00:00Z');&#xD;
info: Microsoft.EntityFrameworkCore.Database.Command[20101]&#xD;
      Executed DbCommand (4ms) [Parameters=[], CommandType='Text', CommandTimeout='30']&#xD;
      CREATE UNIQUE INDEX "IX_users_email" ON users (email);&#xD;
info: Microsoft.EntityFrameworkCore.Database.Command[20101]&#xD;
      Executed DbCommand (4ms) [Parameters=[], CommandType='Text', CommandTimeout='30']&#xD;
      CREATE UNIQUE INDEX "IX_users_username" ON users (username);&#xD;
info: Microsoft.EntityFrameworkCore.Database.Command[20101]&#xD;
[...]
      UPDATE test_case_priorities SET created_at = TIMESTAMPTZ '2026-03-28T18:52:17.533255Z'&#xD;
      WHERE id = 2;&#xD;
info: Microsoft.EntityFrameworkCore.Database.Command[20101]&#xD;
      Executed DbCommand (1ms) [Parameters=[], CommandType='Text', CommandTimeout='30']&#xD;
      UPDATE test_case_priorities SET created_at = TIMESTAMPTZ '2026-03-28T18:52:17.533255Z'&#xD;
      WHERE id = 3;&#xD;
info: Microsoft.EntityFrameworkCore.Database.Command[20101]&#xD;
      Executed DbCommand (1ms) [Parameters=[], CommandType='Text', CommandTimeout='30']&#xD;
      UPDATE test_case_priorities SET created_at = TIMESTAMPTZ '2026-03-28T18:52:17.533255Z'&#xD;
      WHERE id = 4;&#xD;
info: Microsoft.EntityFrameworkCore.Database.Command[20101]&#xD;
      Executed DbCommand (1ms) [Parameters=[], CommandType='Text', CommandTimeout='30']&#xD;
      UPDATE test_suite_statuses SET "CreatedAt" = TIMESTAMPTZ '2026-03-28T18:52:17.522064Z'&#xD;
      WHERE id = 1;&#xD;
info: Microsoft.EntityFrameworkCore.Database.Command[20101]&#xD;
      Executed DbCommand (1ms) [Parameters=[], CommandType='Text', CommandTimeout='30']&#xD;
      UPDATE test_suite_statuses SET "CreatedAt" = TIMESTAMPTZ '2026-03-28T18:52:17.522064Z'&#xD;
      WHERE id = 2;&#xD;
info: Microsoft.EntityFrameworkCore.Database.Command[20101]&#xD;
      Executed DbCommand (4ms) [Parameters=[], CommandType='Text', CommandTimeout='30']&#xD;
      UPDATE test_suite_statuses SET "CreatedAt" = TIMESTAMPTZ '2026-03-28T18:52:17.522064Z'&#xD;
      WHERE id = 3;&#xD;
info: Microsoft.EntityFrameworkCore.Database.Command[20101]&#xD;
      Executed DbCommand (3ms) [Parameters=[], CommandType='Text', CommandTimeout='30']&#xD;
      UPDATE test_suite_statuses SET "CreatedAt" = TIMESTAMPTZ '2026-03-28T18:52:17.522064Z'&#xD;
      WHERE id = 4;&#xD;
info: Microsoft.EntityFrameworkCore.Database.Command[20101]&#xD;
      Executed DbCommand (2ms) [Parameters=[], CommandType='Text', CommandTimeout='30']&#xD;
      UPDATE test_types SET "CreatedAt" = TIMESTAMPTZ '2026-03-28T18:52:17.52221Z'&#xD;
      WHERE "Id" = 1;&#xD;
info: Microsoft.EntityFrameworkCore.Database.Command[20101]&#xD;
      Executed DbCommand (2ms) [Parameters=[], CommandType='Text', CommandTimeout='30']&#xD;
      UPDATE test_types SET "CreatedAt" = TIMESTAMPTZ '2026-03-28T18:52:17.52221Z'&#xD;
      WHERE "Id" = 2;&#xD;
info: Microsoft.EntityFrameworkCore.Database.Command[20101]&#xD;
      Executed DbCommand (2ms) [Parameters=[], CommandType='Text', CommandTimeout='30']&#xD;
      UPDATE test_types SET "CreatedAt" = TIMESTAMPTZ '2026-03-28T18:52:17.52221Z'&#xD;
      WHERE "Id" = 3;&#xD;
info: Microsoft.EntityFrameworkCore.Database.Command[20101]&#xD;
      Executed DbCommand (2ms) [Parameters=[], CommandType='Text', CommandTimeout='30']&#xD;
      UPDATE test_types SET "CreatedAt" = TIMESTAMPTZ '2026-03-28T18:52:17.522211Z'&#xD;
      WHERE "Id" = 4;&#xD;
info: Microsoft.EntityFrameworkCore.Database.Command[20101]&#xD;
      Executed DbCommand (3ms) [Parameters=[], CommandType='Text', CommandTimeout='30']&#xD;
      UPDATE test_types SET "CreatedAt" = TIMESTAMPTZ '2026-03-28T18:52:17.522211Z'&#xD;
      WHERE "Id" = 5;&#xD;
info: Microsoft.EntityFrameworkCore.Database.Command[20101]&#xD;
      Executed DbCommand (4ms) [Parameters=[], CommandType='Text', CommandTimeout='30']&#xD;
      UPDATE users SET documento_identidad = '00000000', fecha_nacimiento = DATE '1990-01-01', telefono = NULL&#xD;
      WHERE id = '99999999-9999-9999-9999-999999999999';&#xD;
info: Microsoft.EntityFrameworkCore.Database.Command[20101]&#xD;
      Executed DbCommand (2ms) [Parameters=[], CommandType='Text', CommandTimeout='30']&#xD;
      UPDATE users SET documento_identidad = SUBSTRING(CAST(id AS text), 1, 8), fecha_nacimiento = '1990-01-01' WHERE id != '99999999-9999-9999-9999-999999999999'&#xD;
info: Microsoft.EntityFrameworkCore.Database.Command[20101]&#xD;
      Executed DbCommand (3ms) [Parameters=[], CommandType='Text', CommandTimeout='30']&#xD;
      CREATE UNIQUE INDEX "IX_users_documento_identidad_fecha_nacimiento" ON users (documento_identidad, fecha_nacimiento);&#xD;
info: Microsoft.EntityFrameworkCore.Database.Command[20101]&#xD;
      Executed DbCommand (1ms) [Parameters=[], CommandType='Text', CommandTimeout='30']&#xD;
      INSERT INTO "__EFMigrationsHistory" ("MigrationId", "ProductVersion")&#xD;
      VALUES ('20260328185218_AddUserIdentityInfo', '8.0.11');&#xD;
info: Microsoft.EntityFrameworkCore.Migrations[20402]&#xD;
      Applying migration '20260329135223_HardeningSecurityConstraints'.&#xD;
info: Microsoft.EntityFrameworkCore.Database.Command[20101]&#xD;
      Executed DbCommand (5ms) [Parameters=[], CommandType='Text', CommandTimeout='30']&#xD;
      ALTER TABLE test_steps ALTER COLUMN expected_result TYPE character varying(1000);&#xD;
info: Microsoft.EntityFrameworkCore.Database.Command[20101]&#xD;
      Executed DbCommand (3ms) [Parameters=[], CommandType='Text', CommandTimeout='30']&#xD;
      ALTER TABLE test_steps ALTER COLUMN action TYPE character varying(1000);&#xD;
info: Microsoft.EntityFrameworkCore.Database.Command[20101]&#xD;
      Executed DbCommand (2ms) [Parameters=[], CommandType='Text', CommandTimeout='30']&#xD;
      UPDATE evidence_types SET created_at = TIMESTAMPTZ '2026-03-29T13:52:22.449975Z'&#xD;
      WHERE id = 1;&#xD;
info: Microsoft.EntityFrameworkCore.Database.Command[20101]&#xD;
      Executed DbCommand (1ms) [Parameters=[], CommandType='Text', CommandTimeout='30']&#xD;
      UPDATE evidence_types SET created_at = TIMESTAMPTZ '2026-03-29T13:52:22.450012Z'&#xD;
      WHERE id = 2;&#xD;
info: Microsoft.EntityFrameworkCore.Database.Command[20101]&#xD;
      Executed DbCommand (1ms) [Parameters=[], CommandType='Text', CommandTimeout='30']&#xD;
      UPDATE evidence_types SET created_at = TIMESTAMPTZ '2026-03-29T13:52:22.450013Z'&#xD;
      WHERE id = 3;&#xD;
info: Microsoft.EntityFrameworkCore.Database.Command[20101]&#xD;
      Executed DbCommand (7ms) [Parameters=[], CommandType='Text', CommandTimeout='30']&#xD;
      UPDATE evidence_types SET created_at = TIMESTAMPTZ '2026-03-29T13:52:22.450013Z'&#xD;
      WHERE id = 4;&#xD;
info: Microsoft.EntityFrameworkCore.Database.Command[20101]&#xD;
      Executed DbCommand (8ms) [Parameters=[], CommandType='Text', CommandTimeout='30']&#xD;
      UPDATE execution_statuses SET created_at = TIMESTAMPTZ '2026-03-29T13:52:22.451096Z'&#xD;
      WHERE id = 1;&#xD;
info: Microsoft.EntityFrameworkCore.Database.Command[20101]&#xD;
      Executed DbCommand (10ms) [Parameters=[], CommandType='Text', CommandTimeout='30']&#xD;
      UPDATE execution_statuses SET created_at = TIMESTAMPTZ '2026-03-29T13:52:22.451097Z'&#xD;
      WHERE id = 2;&#xD;
info: Microsoft.EntityFrameworkCore.Database.Command[20101]&#xD;
      Executed DbCommand (3ms) [Parameters=[], CommandType='Text', CommandTimeout='30']&#xD;
      UPDATE execution_statuses SET created_at = TIMESTAMPTZ '2026-03-29T13:52:22.451097Z'&#xD;
      WHERE id = 3;&#xD;
info: Microsoft.EntityFrameworkCore.Database.Command[20101]&#xD;
      Executed DbCommand (2ms) [Parameters=[], CommandType='Text', CommandTimeout='30']&#xD;
      UPDATE execution_statuses SET created_at = TIMESTAMPTZ '2026-03-29T13:52:22.451097Z'&#xD;
      WHERE id = 4;&#xD;
info: Microsoft.EntityFrameworkCore.Database.Command[20101]&#xD;
      Executed DbCommand (2ms) [Parameters=[], CommandType='Text', CommandTimeout='30']&#xD;
      UPDATE execution_statuses SET created_at = TIMESTAMPTZ '2026-03-29T13:52:22.451098Z'&#xD;
      WHERE id = 5;&#xD;
info: Microsoft.EntityFrameworkCore.Database.Command[20101]&#xD;
      Executed DbCommand (4ms) [Parameters=[], CommandType='Text', CommandTimeout='30']&#xD;
      UPDATE execution_statuses SET created_at = TIMESTAMPTZ '2026-03-29T13:52:22.451098Z'&#xD;
      WHERE id = 6;&#xD;
info: Microsoft.EntityFrameworkCore.Database.Command[20101]&#xD;
      Executed DbCommand (4ms) [Parameters=[], CommandType='Text', CommandTimeout='30']&#xD;
      UPDATE project_statuses SET "CreatedAt" = TIMESTAMPTZ '2026-03-29T13:52:22.446916Z'&#xD;
      WHERE "Id" = 1;&#xD;
info: Microsoft.EntityFrameworkCore.Database.Command[20101]&#xD;
      Executed DbCommand (3ms) [Parameters=[], CommandType='Text', CommandTimeout='30']&#xD;
      UPDATE project_statuses SET "CreatedAt" = TIMESTAMPTZ '2026-03-29T13:52:22.446917Z'&#xD;
      WHERE "Id" = 2;&#xD;
info: Microsoft.EntityFrameworkCore.Database.Command[20101]&#xD;
      Executed DbCommand (3ms) [Parameters=[], CommandType='Text', CommandTimeout='30']&#xD;
      UPDATE project_statuses SET "CreatedAt" = TIMESTAMPTZ '2026-03-29T13:52:22.446917Z'&#xD;
      WHERE "Id" = 3;&#xD;
info: Microsoft.EntityFrameworkCore.Database.Command[20101]&#xD;
      Executed DbCommand (2ms) [Parameters=[], CommandType='Text', CommandTimeout='30']&#xD;
      UPDATE project_statuses SET "CreatedAt" = TIMESTAMPTZ '2026-03-29T13:52:22.446921Z'&#xD;
      WHERE "Id" = 4;&#xD;
info: Microsoft.EntityFrameworkCore.Database.Command[20101]&#xD;
      Executed DbCommand (4ms) [Parameters=[], CommandType='Text', CommandTimeout='30']&#xD;
      UPDATE project_statuses SET "CreatedAt" = TIMESTAMPTZ '2026-03-29T13:52:22.446921Z'&#xD;
      WHERE "Id" = 5;&#xD;
info: Microsoft.EntityFrameworkCore.Database.Command[20101]&#xD;
      Executed DbCommand (6ms) [Parameters=[], CommandType='Text', CommandTimeout='30']&#xD;
      UPDATE step_result_statuses SET created_at = TIMESTAMPTZ '2026-03-29T13:52:22.463276Z'&#xD;
      WHERE id = 1;&#xD;
info: Microsoft.EntityFrameworkCore.Database.Command[20101]&#xD;
      Executed DbCommand (4ms) [Parameters=[], CommandType='Text', CommandTimeout='30']&#xD;
      UPDATE step_result_statuses SET created_at = TIMESTAMPTZ '2026-03-29T13:52:22.463276Z'&#xD;
      WHERE id = 2;&#xD;
info: Microsoft.EntityFrameworkCore.Database.Command[20101]&#xD;
      Executed DbCommand (2ms) [Parameters=[], CommandType='Text', CommandTimeout='30']&#xD;
      UPDATE step_result_statuses SET created_at = TIMESTAMPTZ '2026-03-29T13:52:22.463276Z'&#xD;
      WHERE id = 3;&#xD;
info: Microsoft.EntityFrameworkCore.Database.Command[20101]&#xD;
      Executed DbCommand (3ms) [Parameters=[], CommandType='Text', CommandTimeout='30']&#xD;
      UPDATE step_result_statuses SET created_at = TIMESTAMPTZ '2026-03-29T13:52:22.463276Z'&#xD;
      WHERE id = 4;&#xD;
info: Microsoft.EntityFrameworkCore.Database.Command[20101]&#xD;
      Executed DbCommand (2ms) [Parameters=[], CommandType='Text', CommandTimeout='30']&#xD;
      UPDATE task_priorities SET created_at = TIMESTAMPTZ '2026-03-29T13:52:22.463503Z'&#xD;
      WHERE id = 1;&#xD;
info: Microsoft.EntityFrameworkCore.Database.Command[20101]&#xD;
      Executed DbCommand (2ms) [Parameters=[], CommandType='Text', CommandTimeout='30']&#xD;
      UPDATE task_priorities SET created_at = TIMESTAMPTZ '2026-03-29T13:52:22.463503Z'&#xD;
      WHERE id = 2;&#xD;
info: Microsoft.EntityFrameworkCore.Database.Command[20101]&#xD;
      Executed DbCommand (1ms) [Parameters=[], CommandType='Text', CommandTimeout='30']&#xD;
      UPDATE task_priorities SET created_at = TIMESTAMPTZ '2026-03-29T13:52:22.463503Z'&#xD;
      WHERE id = 3;&#xD;
info: Microsoft.EntityFrameworkCore.Database.Command[20101]&#xD;
      Executed DbCommand (1ms) [Parameters=[], CommandType='Text', CommandTimeout='30']&#xD;
      UPDATE task_priorities SET created_at = TIMESTAMPTZ '2026-03-29T13:52:22.463503Z'&#xD;
      WHERE id = 4;&#xD;
info: Microsoft.EntityFrameworkCore.Database.Command[20101]&#xD;
      Executed DbCommand (2ms) [Parameters=[], CommandType='Text', CommandTimeout='30']&#xD;
      UPDATE test_case_priorities SET created_at = TIMESTAMPTZ '2026-03-29T13:52:22.467069Z'&#xD;
      WHERE id = 1;&#xD;
info: Microsoft.EntityFrameworkCore.Database.Command[20101]&#xD;
      Executed DbCommand (1ms) [Parameters=[], CommandType='Text', CommandTimeout='30']&#xD;
      UPDATE test_case_priorities SET created_at = TIMESTAMPTZ '2026-03-29T13:52:22.46707Z'&#xD;
      WHERE id = 2;&#xD;
info: Microsoft.EntityFrameworkCore.Database.Command[20101]&#xD;
      Executed DbCommand (1ms) [Parameters=[], CommandType='Text', CommandTimeout='30']&#xD;
      UPDATE test_case_priorities SET created_at = TIMESTAMPTZ '2026-03-29T13:52:22.467073Z'&#xD;
      WHERE id = 3;&#xD;
info: Microsoft.EntityFrameworkCore.Database.Command[20101]&#xD;
      Executed DbCommand (2ms) [Parameters=[], CommandType='Text', CommandTimeout='30']&#xD;
      UPDATE test_case_priorities SET created_at = TIMESTAMPTZ '2026-03-29T13:52:22.467074Z'&#xD;
      WHERE id = 4;&#xD;
info: Microsoft.EntityFrameworkCore.Database.Command[20101]&#xD;
      Executed DbCommand (2ms) [Parameters=[], CommandType='Text', CommandTimeout='30']&#xD;
      UPDATE test_suite_statuses SET "CreatedAt" = TIMESTAMPTZ '2026-03-29T13:52:22.447264Z'&#xD;
      WHERE id = 1;&#xD;
info: Microsoft.EntityFrameworkCore.Database.Command[20101]&#xD;
      Executed DbCommand (3ms) [Parameters=[], CommandType='Text', CommandTimeout='30']&#xD;
      UPDATE test_suite_statuses SET "CreatedAt" = TIMESTAMPTZ '2026-03-29T13:52:22.447264Z'&#xD;
      WHERE id = 2;&#xD;
info: Microsoft.EntityFrameworkCore.Database.Command[20101]&#xD;
      Executed DbCommand (2ms) [Parameters=[], CommandType='Text', CommandTimeout='30']&#xD;
      UPDATE test_suite_statuses SET "CreatedAt" = TIMESTAMPTZ '2026-03-29T13:52:22.447264Z'&#xD;
      WHERE id = 3;&#xD;
info: Microsoft.EntityFrameworkCore.Database.Command[20101]&#xD;
      Executed DbCommand (1ms) [Parameters=[], CommandType='Text', CommandTimeout='30']&#xD;
      UPDATE test_suite_statuses SET "CreatedAt" = TIMESTAMPTZ '2026-03-29T13:52:22.447264Z'&#xD;
      WHERE id = 4;&#xD;
info: Microsoft.EntityFrameworkCore.Database.Command[20101]&#xD;
      Executed DbCommand (1ms) [Parameters=[], CommandType='Text', CommandTimeout='30']&#xD;
      UPDATE test_types SET "CreatedAt" = TIMESTAMPTZ '2026-03-29T13:52:22.447489Z'&#xD;
      WHERE "Id" = 1;&#xD;
info: Microsoft.EntityFrameworkCore.Database.Command[20101]&#xD;
      Executed DbCommand (1ms) [Parameters=[], CommandType='Text', CommandTimeout='30']&#xD;
      UPDATE test_types SET "CreatedAt" = TIMESTAMPTZ '2026-03-29T13:52:22.447489Z'&#xD;
      WHERE "Id" = 2;&#xD;
info: Microsoft.EntityFrameworkCore.Database.Command[20101]&#xD;
      Executed DbCommand (2ms) [Parameters=[], CommandType='Text', CommandTimeout='30']&#xD;
      UPDATE test_types SET "CreatedAt" = TIMESTAMPTZ '2026-03-29T13:52:22.447489Z'&#xD;
      WHERE "Id" = 3;&#xD;
info: Microsoft.EntityFrameworkCore.Database.Command[20101]&#xD;
      Executed DbCommand (1ms) [Parameters=[], CommandType='Text', CommandTimeout='30']&#xD;
      UPDATE test_types SET "CreatedAt" = TIMESTAMPTZ '2026-03-29T13:52:22.447489Z'&#xD;
      WHERE "Id" = 4;&#xD;
info: Microsoft.EntityFrameworkCore.Database.Command[20101]&#xD;
      Executed DbCommand (1ms) [Parameters=[], CommandType='Text', CommandTimeout='30']&#xD;
      UPDATE test_types SET "CreatedAt" = TIMESTAMPTZ '2026-03-29T13:52:22.44749Z'&#xD;
      WHERE "Id" = 5;&#xD;
info: Microsoft.EntityFrameworkCore.Database.Command[20101]&#xD;
      Executed DbCommand (1ms) [Parameters=[], CommandType='Text', CommandTimeout='30']&#xD;
      INSERT INTO "__EFMigrationsHistory" ("MigrationId", "ProductVersion")&#xD;
      VALUES ('20260329135223_HardeningSecurityConstraints', '8.0.11');&#xD;
info: QAMS.Api[0]&#xD;
      Migraciones aplicadas exitosamente.&#xD;
info: QAMS.Api[0]&#xD;
      QAMS API iniciada en Testing.&#xD;
info: Microsoft.AspNetCore.DataProtection.KeyManagement.XmlKeyManager[63]&#xD;
      User profile is available. Using 'C:\Users\HP VICTUS\AppData\Local\ASP.NET\DataProtection-Keys' as key repository and Windows DPAPI to encrypt keys at rest.&#xD;
warn: Microsoft.AspNetCore.StaticFiles.StaticFileMiddleware[16]&#xD;
      The WebRootPath was not found: C:\diplomado\QAMS\src\QAMS.Api\wwwroot. Static files may be unavailable.&#xD;
info: Microsoft.EntityFrameworkCore.Database.Command[20101]&#xD;
      Executed DbCommand (7ms) [Parameters=[], CommandType='Text', CommandTimeout='30']&#xD;
      SELECT CASE WHEN COUNT(*) = 0 THEN FALSE ELSE TRUE END&#xD;
FROM pg_class AS cls&#xD;
JOIN pg_namespace AS ns ON ns.oid = cls.relnamespace&#xD;
WHERE&#xD;
        cls.relkind IN ('r', 'v', 'm', 'f', 'p') AND&#xD;
        ns.nspname NOT IN ('pg_catalog', 'information_schema') AND&#xD;
        -- Exclude tables which are members of PG extensions&#xD;
        NOT EXISTS (&#xD;
            SELECT 1 FROM pg_depend WHERE&#xD;
                classid=(&#xD;
                    SELECT cls.oid&#xD;
                    FROM pg_class AS cls&#xD;
                             JOIN pg_namespace AS ns ON ns.oid = cls.relnamespace&#xD;
                    WHERE relname='pg_class' AND ns.nspname='pg_catalog'&#xD;
                ) AND&#xD;
                objid=cls.oid AND&#xD;
                deptype IN ('e', 'x')&#xD;
        )&#xD;
info: Microsoft.AspNetCore.Hosting.Diagnostics[1]&#xD;
      Request starting HTTP/1.1 POST http://localhost/api/auth/register - application/json;+charset=utf-8 227&#xD;
[TEST-DEBUG] EXCEPTION OCULTA: System.InvalidOperationException: The antiforgery system has the configuration value AntiforgeryOptions.Cookie.SecurePolicy = Always, but the current request is not an SSL request.&#xD;
   at Microsoft.AspNetCore.Antiforgery.DefaultAntiforgery.CheckSSLConfig(HttpContext context)&#xD;
   at Microsoft.AspNetCore.Antiforgery.DefaultAntiforgery.GetAndStoreTokens(HttpContext httpContext)&#xD;
   at Program.&lt;&gt;c.&lt;&lt;Main&gt;$&gt;b__0_7(HttpContext context, RequestDelegate next) in C:\diplomado\QAMS\src\QAMS.Api\Program.cs:line 241&#xD;
   at QAMS.Api.Middleware.ExceptionHandlingMiddleware.InvokeAsync(HttpContext context) in C:\diplomado\QAMS\src\QAMS.Api\Middleware\ExceptionHandlingMiddleware.cs:line 21&#xD;
fail: QAMS.Api.Middleware.ExceptionHandlingMiddleware[0]&#xD;
      Error interno no controlado.&#xD;
      System.InvalidOperationException: The antiforgery system has the configuration value AntiforgeryOptions.Cookie.SecurePolicy = Always, but the current request is not an SSL request.&#xD;
         at Microsoft.AspNetCore.Antiforgery.DefaultAntiforgery.CheckSSLConfig(HttpContext context)&#xD;
         at Microsoft.AspNetCore.Antiforgery.DefaultAntiforgery.GetAndStoreTokens(HttpContext httpContext)&#xD;
         at Program.&lt;&gt;c.&lt;&lt;Main&gt;$&gt;b__0_7(HttpContext context, RequestDelegate next) in C:\diplomado\QAMS\src\QAMS.Api\Program.cs:line 241&#xD;
         at QAMS.Api.Middleware.ExceptionHandlingMiddleware.InvokeAsync(HttpContext context) in C:\diplomado\QAMS\src\QAMS.Api\Middleware\ExceptionHandlingMiddleware.cs:line 21&#xD;
info: Microsoft.AspNetCore.Hosting.Diagnostics[2]&#xD;
      Request finished HTTP/1.1 POST http://localhost/api/auth/register - 500 - application/json 30.6730ms&#xD;
[xUnit.net 00:00:16.68]       System.Exception : Test falló con InternalServerError. Error del body: {"error":"Ocurri\u00F3 un error interno. Contacte al administrador.","statusCode":500}&#xD;
[xUnit.net 00:00:16.68]       Stack Trace:&#xD;
[xUnit.net 00:00:16.68]         C:\diplomado\QAMS\src\QAMS.Tests\IntegrationTests\Endpoints\AuthEndpointsTests.cs(40,0): at QAMS.Tests.IntegrationTests.Endpoints.AuthEndpointsTests.Register_WithValidData_ReturnsCreatedAndSavesToDb()&#xD;
[xUnit.net 00:00:16.68]         --- End of stack trace from previous location ---&#xD;
[testcontainers.org 00:00:16.35] Delete Docker container 0ac88ba89784&#xD;
[xUnit.net 00:00:17.72]   Finished:    QAMS.Tests&#xD;
</StdOut>
    </Output>
    <RunInfos>
      <RunInfo computerName="LAPTOP-BFNKEBCR" outcome="Error" timestamp="2026-03-29T10:52:30.8185829-04:00">
        <Text>[xUnit.net 00:00:16.68]     QAMS.Tests.IntegrationTests.Endpoints.AuthEndpointsTests.Register_WithValidData_ReturnsCreatedAndSavesToDb [FAIL]</Text>
      </RunInfo>
    </RunInfos>
  </ResultSummary>
</TestRun>